<?xml version="1.0" encoding="utf-8"?>
<TestRun id="f0ad77ba-361b-4e17-999a-3eb7793887cc" name="Jean@DESKTOP-NU2JJ62 2026-03-08 15:11:27" runUser="DESKTOP-NU2JJ62\Jean" xmlns="http://microsoft.com/schemas/VisualStudio/TeamTest/2010">
  <Times creation="2026-03-08T15:11:27.8563074-03:00" queuing="2026-03-08T15:11:27.8563075-03:00" start="2026-03-08T15:11:27.0983077-03:00" finish="2026-03-08T15:11:27.9175985-03:00" />
  <TestSettings name="default" id="c05ae694-0a96-4f5c-b28e-f044dce54b67">
    <Deployment runDeploymentRoot="Jean_DESKTOP-NU2JJ62_2026-03-08_15_11_27" />
  </TestSettings>
  <Results>
    <UnitTestResult executionId="5aeade39-366d-490d-a168-34d7d42466a8" testId="da313429-a586-a70c-83fc-78b75521ce56" testName="Tests.Backend.Services.EventDispatcherServiceTests.ProcessGameState_ShouldNotEmitLevelUpEvent_WhenOnlyXpIncreases" computerName="DESKTOP-NU2JJ62" duration="00:00:00.0015708" startTime="2026-03-08T15:11:27.8483415-03:00" endTime="2026-03-08T15:11:27.8498049-03:00" testType="13cdc9d9-ddb5-4fa4-a97d-d965ccfc6d4b" outcome="Passed" testListId="8c84fa94-04c1-424b-9868-57a2d4851a1d" relativeResultsDirectory="5aeade39-366d-490d-a168-34d7d42466a8" />
    <UnitTestResult executionId="ff9cfccf-da19-4958-b0e0-19600e876c33" testId="568d3949-4687-dd8d-a762-f2604f732400" testName="Tests.Backend.Services.EventDispatcherServiceTests.ProcessGameState_ShouldEmitBitsChangedEvent_WhenBitsChange" computerName="DESKTOP-NU2JJ62" duration="00:00:00.0011079" startTime="2026-03-08T15:11:27.8475156-03:00" endTime="2026-03-08T15:11:27.8481895-03:00" testType="13cdc9d9-ddb5-4fa4-a97d-d965ccfc6d4b" outcome="Passed" testListId="8c84fa94-04c1-424b-9868-57a2d4851a1d" relativeResultsDirectory="ff9cfccf-da19-4958-b0e0-19600e876c33" />
    <UnitTestResult executionId="a762884e-4ae0-4a19-8a5d-57c233d9e610" testId="07080d20-e413-2745-67ee-0c33e5bb4d12" testName="Tests.Backend.MemoryReaderTests.ReadInt32_ShouldReturnCorrectValue_WhenConnected" computerName="DESKTOP-NU2JJ62" duration="00:00:00.0036810" startTime="2026-03-08T15:11:27.8290364-03:00" endTime="2026-03-08T15:11:27.8310542-03:00" testType="13cdc9d9-ddb5-4fa4-a97d-d965ccfc6d4b" outcome="Passed" testListId="8c84fa94-04c1-424b-9868-57a2d4851a1d" relativeResultsDirectory="a762884e-4ae0-4a19-8a5d-57c233d9e610" />
    <UnitTestResult executionId="fcc2154c-41fa-4ad3-a39b-15669c077a18" testId="270f4804-9d18-25d6-4818-05890853854e" testName="Tests.Backend.MemoryReaderTests.ReadInt16_ShouldReturnCorrectValue_WhenConnected" computerName="DESKTOP-NU2JJ62" duration="00:00:00.0019033" startTime="2026-03-08T15:11:27.8311785-03:00" endTime="2026-03-08T15:11:27.8330165-03:00" testType="13cdc9d9-ddb5-4fa4-a97d-d965ccfc6d4b" outcome="Passed" testListId="8c84fa94-04c1-424b-9868-57a2d4851a1d" relativeResultsDirectory="fcc2154c-41fa-4ad3-a39b-15669c077a18" />
    <UnitTestResult executionId="c458de6f-234d-4605-a995-b32b65a9ad98" testId="3eeb60bd-dc8d-c7b2-3cd7-d0b171db2ff0" testName="Tests.Backend.Utils.TextDecoderTests.Decode_ShouldStopAtFFTerminator" computerName="DESKTOP-NU2JJ62" duration="00:00:00.0001703" startTime="2026-03-08T15:11:27.8242498-03:00" endTime="2026-03-08T15:11:27.8243433-03:00" testType="13cdc9d9-ddb5-4fa4-a97d-d965ccfc6d4b" outcome="Passed" testListId="8c84fa94-04c1-424b-9868-57a2d4851a1d" relativeResultsDirectory="c458de6f-234d-4605-a995-b32b65a9ad98" />
    <UnitTestResult executionId="06e1f5f6-4f63-4ddb-ad1a-ce9f89050cdd" testId="49ba07ce-f973-29a1-927d-09fb57470e34" testName="Tests.Backend.Services.EventDispatcherServiceTests.DispatchConnectionStatus_ShouldNotEmitEvent_WhenStatusRemainsSame" computerName="DESKTOP-NU2JJ62" duration="00:00:00.0007881" startTime="2026-03-08T15:11:27.8567791-03:00" endTime="2026-03-08T15:11:27.8574923-03:00" testType="13cdc9d9-ddb5-4fa4-a97d-d965ccfc6d4b" outcome="Passed" testListId="8c84fa94-04c1-424b-9868-57a2d4851a1d" relativeResultsDirectory="06e1f5f6-4f63-4ddb-ad1a-ce9f89050cdd" />
    <UnitTestResult executionId="24c1cc0f-1b65-4dbe-9f4f-ec59ae04e336" testId="a2ecb8d7-df43-0801-9cf2-2e03f77c03ea" testName="Tests.Backend.Services.EventDispatcherServiceTests.ProcessGameState_ShouldEmitEquipmentsChangedEvent_WhenEquipmentsChange" computerName="DESKTOP-NU2JJ62" duration="00:00:00.0010856" startTime="2026-03-08T15:11:27.8510984-03:00" endTime="2026-03-08T15:11:27.8520479-03:00" testType="13cdc9d9-ddb5-4fa4-a97d-d965ccfc6d4b" outcome="Passed" testListId="8c84fa94-04c1-424b-9868-57a2d4851a1d" relativeResultsDirectory="24c1cc0f-1b65-4dbe-9f4f-ec59ae04e336" />
    <UnitTestResult executionId="839d2130-0412-4f3c-812e-5b853f56ac4a" testId="6010d3e9-9abb-3837-83cd-2e33d86d9475" testName="Tests.Backend.Utils.TextDecoderTests.Decode_ShouldHandleMixedCaseDigimonName_Kotemon" computerName="DESKTOP-NU2JJ62" duration="00:00:00.0003052" startTime="2026-03-08T15:11:27.7920991-03:00" endTime="2026-03-08T15:11:27.7921971-03:00" testType="13cdc9d9-ddb5-4fa4-a97d-d965ccfc6d4b" outcome="Passed" testListId="8c84fa94-04c1-424b-9868-57a2d4851a1d" relativeResultsDirectory="839d2130-0412-4f3c-812e-5b853f56ac4a" />
    <UnitTestResult executionId="642e8336-58e1-4922-8ad9-5bc1e9d44431" testId="e3258119-7b80-1cd9-e2e7-edad04176727" testName="Tests.Backend.MemoryReaderTests.ReadInt32_ShouldReturnMinusOne_WhenNotConnected" computerName="DESKTOP-NU2JJ62" duration="00:00:00.0001494" startTime="2026-03-08T15:11:27.8360273-03:00" endTime="2026-03-08T15:11:27.8360793-03:00" testType="13cdc9d9-ddb5-4fa4-a97d-d965ccfc6d4b" outcome="Passed" testListId="8c84fa94-04c1-424b-9868-57a2d4851a1d" relativeResultsDirectory="642e8336-58e1-4922-8ad9-5bc1e9d44431" />
    <UnitTestResult executionId="544f98d3-3832-4cb4-b9bc-a0e76773c4fa" testId="c25e60d2-cee9-e0d5-22f6-056f462bca3c" testName="Tests.Backend.Services.EventDispatcherServiceTests.ProcessGameState_ShouldNotEmitEvents_WhenStateIsIdentical" computerName="DESKTOP-NU2JJ62" duration="00:00:00.0007582" startTime="2026-03-08T15:11:27.8576341-03:00" endTime="2026-03-08T15:11:27.8582987-03:00" testType="13cdc9d9-ddb5-4fa4-a97d-d965ccfc6d4b" outcome="Passed" testListId="8c84fa94-04c1-424b-9868-57a2d4851a1d" relativeResultsDirectory="544f98d3-3832-4cb4-b9bc-a0e76773c4fa" />
    <UnitTestResult executionId="a9a39988-d352-4ec1-ab22-b50a33e559ec" testId="4df1abec-7034-9f5b-1cee-e255d869bee0" testName="Tests.Backend.Services.EventDispatcherServiceTests.ProcessGameState_ShouldEmitPartyChangedEvent_WhenDigimonListChanges" computerName="DESKTOP-NU2JJ62" duration="00:00:00.1031310" startTime="2026-03-08T15:11:27.7367404-03:00" endTime="2026-03-08T15:11:27.8433802-03:00" testType="13cdc9d9-ddb5-4fa4-a97d-d965ccfc6d4b" outcome="Passed" testListId="8c84fa94-04c1-424b-9868-57a2d4851a1d" relativeResultsDirectory="a9a39988-d352-4ec1-ab22-b50a33e559ec" />
    <UnitTestResult executionId="1ea9fd71-8b46-4942-acf1-e7b1ecc5998e" testId="020238fa-5389-4f5d-1349-fb9935534700" testName="Tests.Backend.Services.EventDispatcherServiceTests.ProcessGameState_ShouldEmitInitialSyncEvent_OnFirstCall" computerName="DESKTOP-NU2JJ62" duration="00:00:00.0010548" startTime="2026-03-08T15:11:27.8499989-03:00" endTime="2026-03-08T15:11:27.8509069-03:00" testType="13cdc9d9-ddb5-4fa4-a97d-d965ccfc6d4b" outcome="Passed" testListId="8c84fa94-04c1-424b-9868-57a2d4851a1d" relativeResultsDirectory="1ea9fd71-8b46-4942-acf1-e7b1ecc5998e" />
    <UnitTestResult executionId="055f3cf4-d855-44d2-9ea9-9723397830a6" testId="ebbb97d4-39bf-4f59-c35a-c2dbd3d7c4ca" testName="Tests.Backend.Utils.TextDecoderTests.DecodeName_ShouldHandleLettersAndDigits" computerName="DESKTOP-NU2JJ62" duration="00:00:00.0115225" startTime="2026-03-08T15:11:27.7388347-03:00" endTime="2026-03-08T15:11:27.7695223-03:00" testType="13cdc9d9-ddb5-4fa4-a97d-d965ccfc6d4b" outcome="Failed" testListId="8c84fa94-04c1-424b-9868-57a2d4851a1d" relativeResultsDirectory="055f3cf4-d855-44d2-9ea9-9723397830a6">
      <Output>
        <ErrorInfo>
          <Message>Assert.Equal() Failure: Strings differ&#xD;
             ↓ (pos 2)&#xD;
Expected: "Ta01"&#xD;
Actual:   "Ta.-"&#xD;
             ↑ (pos 2)</Message>
          <StackTrace>   at Tests.Backend.Utils.TextDecoderTests.DecodeName_ShouldHandleLettersAndDigits() in C:\Projetos\digivice\Tests\Backend\Utils\TextDecoderTests.cs:line 75&#xD;
   at System.Reflection.MethodBaseInvoker.InterpretedInvoke_Method(Object obj, IntPtr* args)&#xD;
   at System.Reflection.MethodBaseInvoker.InvokeWithNoArgs(Object obj, BindingFlags invokeAttr)</StackTrace>
        </ErrorInfo>
      </Output>
    </UnitTestResult>
    <UnitTestResult executionId="76ab57a3-f387-4223-a984-c7cc9419a12f" testId="b9eccaa1-0848-4e48-146f-560ee1a18bb8" testName="Tests.Backend.MemoryReaderTests.ReadBytes_ShouldReturnBuffer_WhenConnected" computerName="DESKTOP-NU2JJ62" duration="00:00:00.0080055" startTime="2026-03-08T15:11:27.8277207-03:00" endTime="2026-03-08T15:11:27.8281086-03:00" testType="13cdc9d9-ddb5-4fa4-a97d-d965ccfc6d4b" outcome="Failed" testListId="8c84fa94-04c1-424b-9868-57a2d4851a1d" relativeResultsDirectory="76ab57a3-f387-4223-a984-c7cc9419a12f">
      <Output>
        <ErrorInfo>
          <Message>System.ArgumentException : Invalid callback. Setup on method with parameters (long, byte[], int, int) cannot invoke callback with parameters (int, byte[], int, int).</Message>
          <StackTrace>   at Moq.MethodCall.SetCallbackBehavior(Delegate callback) in /_/src/Moq/MethodCall.cs:line 166&#xD;
   at Moq.Language.Flow.SetupPhrase.Callback[T1,T2,T3,T4](Action`4 callback) in /_/src/Moq/Language/Flow/SetupPhrase.cs:line 72&#xD;
   at Tests.Backend.MemoryReaderTests.ReadBytes_ShouldReturnBuffer_WhenConnected() in C:\Projetos\digivice\Tests\Backend\MemoryReaderServiceTests.cs:line 88&#xD;
   at System.Reflection.MethodBaseInvoker.InterpretedInvoke_Method(Object obj, IntPtr* args)&#xD;
   at System.Reflection.MethodBaseInvoker.InvokeWithNoArgs(Object obj, BindingFlags invokeAttr)</StackTrace>
        </ErrorInfo>
      </Output>
    </UnitTestResult>
    <UnitTestResult executionId="9e1680c7-7b76-4bab-bf04-f293d23d4e48" testId="c19ae901-506d-e7d3-1746-2e11ffcdab7d" testName="Tests.Backend.Services.EventDispatcherServiceTests.ProcessGameState_ShouldEmitLevelUpEvent_WhenLevelIncreases" computerName="DESKTOP-NU2JJ62" duration="00:00:00.0019976" startTime="2026-03-08T15:11:27.8548433-03:00" endTime="2026-03-08T15:11:27.8566432-03:00" testType="13cdc9d9-ddb5-4fa4-a97d-d965ccfc6d4b" outcome="Passed" testListId="8c84fa94-04c1-424b-9868-57a2d4851a1d" relativeResultsDirectory="9e1680c7-7b76-4bab-bf04-f293d23d4e48" />
    <UnitTestResult executionId="28c2dab4-d60b-4c02-b762-796c236db8d7" testId="52e84af9-cc59-77d1-9a7d-b455f2c0200a" testName="Tests.Backend.MemoryReaderTests.ReadString_ShouldHandleNullTerminator" computerName="DESKTOP-NU2JJ62" duration="00:00:00.0011431" startTime="2026-03-08T15:11:27.8363536-03:00" endTime="2026-03-08T15:11:27.8364002-03:00" testType="13cdc9d9-ddb5-4fa4-a97d-d965ccfc6d4b" outcome="Failed" testListId="8c84fa94-04c1-424b-9868-57a2d4851a1d" relativeResultsDirectory="28c2dab4-d60b-4c02-b762-796c236db8d7">
      <Output>
        <ErrorInfo>
          <Message>System.ArgumentException : Invalid callback. Setup on method with parameters (long, byte[], int, int) cannot invoke callback with parameters (int, byte[], int, int).</Message>
          <StackTrace>   at Moq.MethodCall.SetCallbackBehavior(Delegate callback) in /_/src/Moq/MethodCall.cs:line 166&#xD;
   at Moq.Language.Flow.SetupPhrase.Callback[T1,T2,T3,T4](Action`4 callback) in /_/src/Moq/Language/Flow/SetupPhrase.cs:line 72&#xD;
   at Tests.Backend.MemoryReaderTests.ReadString_ShouldHandleNullTerminator() in C:\Projetos\digivice\Tests\Backend\MemoryReaderServiceTests.cs:line 166&#xD;
   at System.Reflection.MethodBaseInvoker.InterpretedInvoke_Method(Object obj, IntPtr* args)&#xD;
   at System.Reflection.MethodBaseInvoker.InvokeWithNoArgs(Object obj, BindingFlags invokeAttr)</StackTrace>
        </ErrorInfo>
      </Output>
    </UnitTestResult>
    <UnitTestResult executionId="0e09d8f1-43f2-4743-bbde-5ba488368d64" testId="481f4c4d-0ddc-8c8b-c2e5-fc6e976ed24b" testName="Tests.Backend.Services.EventDispatcherServiceTests.ProcessGameState_ShouldEmitVitalsChangedEvent_WhenHPChanges" computerName="DESKTOP-NU2JJ62" duration="00:00:00.0011484" startTime="2026-03-08T15:11:27.8535096-03:00" endTime="2026-03-08T15:11:27.8535918-03:00" testType="13cdc9d9-ddb5-4fa4-a97d-d965ccfc6d4b" outcome="Passed" testListId="8c84fa94-04c1-424b-9868-57a2d4851a1d" relativeResultsDirectory="0e09d8f1-43f2-4743-bbde-5ba488368d64" />
    <UnitTestResult executionId="c857975d-e536-43bc-b892-4d90b507b782" testId="3f81235b-2e86-d6ef-7017-65998bd1744d" testName="Tests.Backend.Utils.TextDecoderTests.Decode_ShouldReturnEmpty_WhenBufferIsNull" computerName="DESKTOP-NU2JJ62" duration="00:00:00.0015336" startTime="2026-03-08T15:11:27.7901956-03:00" endTime="2026-03-08T15:11:27.7904921-03:00" testType="13cdc9d9-ddb5-4fa4-a97d-d965ccfc6d4b" outcome="Passed" testListId="8c84fa94-04c1-424b-9868-57a2d4851a1d" relativeResultsDirectory="c857975d-e536-43bc-b892-4d90b507b782" />
    <UnitTestResult executionId="04758531-7605-4113-9207-aff526a554da" testId="cf62ae31-462a-8474-e763-d085ceffac68" testName="Tests.Backend.Utils.TextDecoderTests.Decode_ShouldHandleUppercaseAsciiName" computerName="DESKTOP-NU2JJ62" duration="00:00:00.0001049" startTime="2026-03-08T15:11:27.7928769-03:00" endTime="2026-03-08T15:11:27.7929200-03:00" testType="13cdc9d9-ddb5-4fa4-a97d-d965ccfc6d4b" outcome="Passed" testListId="8c84fa94-04c1-424b-9868-57a2d4851a1d" relativeResultsDirectory="04758531-7605-4113-9207-aff526a554da" />
    <UnitTestResult executionId="685ca203-4cb3-4667-adce-1c679cae4825" testId="f5dff42e-f624-5387-2e84-231a827c859f" testName="Tests.Backend.Utils.TextDecoderTests.Decode_ShouldHandleMixedCaseName_Jean" computerName="DESKTOP-NU2JJ62" duration="00:00:00.0001134" startTime="2026-03-08T15:11:27.8248034-03:00" endTime="2026-03-08T15:11:27.8248665-03:00" testType="13cdc9d9-ddb5-4fa4-a97d-d965ccfc6d4b" outcome="Passed" testListId="8c84fa94-04c1-424b-9868-57a2d4851a1d" relativeResultsDirectory="685ca203-4cb3-4667-adce-1c679cae4825" />
    <UnitTestResult executionId="98142f4d-8432-45bc-946e-59d0fb0ef972" testId="b5ec3ba5-84c8-0115-0e72-df212da30d6b" testName="Tests.Backend.Services.EventDispatcherServiceTests.DispatchConnectionStatus_ShouldEmitEvent_WhenStatusChanges" computerName="DESKTOP-NU2JJ62" duration="00:00:00.0012936" startTime="2026-03-08T15:11:27.8540102-03:00" endTime="2026-03-08T15:11:27.8545942-03:00" testType="13cdc9d9-ddb5-4fa4-a97d-d965ccfc6d4b" outcome="Passed" testListId="8c84fa94-04c1-424b-9868-57a2d4851a1d" relativeResultsDirectory="98142f4d-8432-45bc-946e-59d0fb0ef972" />
    <UnitTestResult executionId="85e3658e-df0f-413c-a4b6-15fa97683b08" testId="7d327d91-14b3-889b-ef3a-076e195b9a17" testName="Tests.Backend.Utils.TextDecoderTests.Decode_ShouldHandleBoundaryCharacters" computerName="DESKTOP-NU2JJ62" duration="00:00:00.0000844" startTime="2026-03-08T15:11:27.7927136-03:00" endTime="2026-03-08T15:11:27.7927677-03:00" testType="13cdc9d9-ddb5-4fa4-a97d-d965ccfc6d4b" outcome="Passed" testListId="8c84fa94-04c1-424b-9868-57a2d4851a1d" relativeResultsDirectory="85e3658e-df0f-413c-a4b6-15fa97683b08" />
    <UnitTestResult executionId="0842216f-3703-44d8-85dd-9d5dce8442df" testId="ae356b4b-d29e-3ff6-6b36-1121c8e59112" testName="Tests.Backend.Utils.TextDecoderTests.Decode_ShouldStopAtNullTerminator" computerName="DESKTOP-NU2JJ62" duration="00:00:00.0000902" startTime="2026-03-08T15:11:27.7925380-03:00" endTime="2026-03-08T15:11:27.7925861-03:00" testType="13cdc9d9-ddb5-4fa4-a97d-d965ccfc6d4b" outcome="Passed" testListId="8c84fa94-04c1-424b-9868-57a2d4851a1d" relativeResultsDirectory="0842216f-3703-44d8-85dd-9d5dce8442df" />
    <UnitTestResult executionId="ae00f082-3f97-4c9d-85a4-ea662f9886f4" testId="f47962e4-e5f1-58ad-55fc-b6b2c0c2a4da" testName="Tests.Backend.MemoryReaderTests.ReadString_ShouldReturnCorrectValue_WhenConnected" computerName="DESKTOP-NU2JJ62" duration="00:00:00.0011745" startTime="2026-03-08T15:11:27.8331901-03:00" endTime="2026-03-08T15:11:27.8342863-03:00" testType="13cdc9d9-ddb5-4fa4-a97d-d965ccfc6d4b" outcome="Failed" testListId="8c84fa94-04c1-424b-9868-57a2d4851a1d" relativeResultsDirectory="ae00f082-3f97-4c9d-85a4-ea662f9886f4">
      <Output>
        <ErrorInfo>
          <Message>System.ArgumentException : Invalid callback. Setup on method with parameters (long, byte[], int, int) cannot invoke callback with parameters (int, byte[], int, int).</Message>
          <StackTrace>   at Moq.MethodCall.SetCallbackBehavior(Delegate callback) in /_/src/Moq/MethodCall.cs:line 166&#xD;
   at Moq.Language.Flow.SetupPhrase.Callback[T1,T2,T3,T4](Action`4 callback) in /_/src/Moq/Language/Flow/SetupPhrase.cs:line 72&#xD;
   at Tests.Backend.MemoryReaderTests.ReadString_ShouldReturnCorrectValue_WhenConnected() in C:\Projetos\digivice\Tests\Backend\MemoryReaderServiceTests.cs:line 138&#xD;
   at System.Reflection.MethodBaseInvoker.InterpretedInvoke_Method(Object obj, IntPtr* args)&#xD;
   at System.Reflection.MethodBaseInvoker.InvokeWithNoArgs(Object obj, BindingFlags invokeAttr)</StackTrace>
        </ErrorInfo>
      </Output>
    </UnitTestResult>
    <UnitTestResult executionId="9f074f2d-2ca4-4f02-a376-27aa8bdc6a6f" testId="f206c77c-5421-7905-fed0-725c89b6a318" testName="Tests.Backend.MemoryReaderTests.TryConnect_ShouldReturnFalse_WhenProcessNotFound" computerName="DESKTOP-NU2JJ62" duration="00:00:00.0773570" startTime="2026-03-08T15:11:27.7388956-03:00" endTime="2026-03-08T15:11:27.8275294-03:00" testType="13cdc9d9-ddb5-4fa4-a97d-d965ccfc6d4b" outcome="Passed" testListId="8c84fa94-04c1-424b-9868-57a2d4851a1d" relativeResultsDirectory="9f074f2d-2ca4-4f02-a376-27aa8bdc6a6f" />
    <UnitTestResult executionId="f9a5b405-3ee6-42b4-9ed4-6a48d6274e03" testId="847d552d-3634-7876-8290-450e16ac3683" testName="Tests.Backend.Services.EventDispatcherServiceTests.ProcessGameState_ShouldEmitDigievolutionsChangedEvent_WhenDigievolutionsChange" computerName="DESKTOP-NU2JJ62" duration="00:00:00.0035641" startTime="2026-03-08T15:11:27.8435212-03:00" endTime="2026-03-08T15:11:27.8470152-03:00" testType="13cdc9d9-ddb5-4fa4-a97d-d965ccfc6d4b" outcome="Passed" testListId="8c84fa94-04c1-424b-9868-57a2d4851a1d" relativeResultsDirectory="f9a5b405-3ee6-42b4-9ed4-6a48d6274e03" />
    <UnitTestResult executionId="97cfe603-1231-48f6-8214-92f4a914bab8" testId="39fe748e-7e7c-50cb-903a-12a7f3acee42" testName="Tests.Backend.MemoryReaderTests.TryConnect_ShouldReturnTrue_WhenProcessAndMappingExist" computerName="DESKTOP-NU2JJ62" duration="00:00:00.0006789" startTime="2026-03-08T15:11:27.8362014-03:00" endTime="2026-03-08T15:11:27.8362431-03:00" testType="13cdc9d9-ddb5-4fa4-a97d-d965ccfc6d4b" outcome="Passed" testListId="8c84fa94-04c1-424b-9868-57a2d4851a1d" relativeResultsDirectory="97cfe603-1231-48f6-8214-92f4a914bab8" />
    <UnitTestResult executionId="f17c906a-b1a0-4c9d-95e5-4f20f3245e27" testId="b80bf121-4e12-47db-eab4-8344f8a6a1de" testName="Tests.Backend.Services.GameReaderTests.ReadPlayer_ShouldReturnDecodedPlayerNameAndBits" computerName="DESKTOP-NU2JJ62" duration="00:00:00.0099349" startTime="2026-03-08T15:11:27.8279728-03:00" endTime="2026-03-08T15:11:27.8302170-03:00" testType="13cdc9d9-ddb5-4fa4-a97d-d965ccfc6d4b" outcome="Passed" testListId="8c84fa94-04c1-424b-9868-57a2d4851a1d" relativeResultsDirectory="f17c906a-b1a0-4c9d-95e5-4f20f3245e27" />
    <UnitTestResult executionId="7476e3c1-bb3e-4625-aa8e-45e457ce724d" testId="1c7c7cf7-4045-5f65-5bc7-222a9b9d1dbf" testName="Tests.Backend.Services.GameReaderTests.ReadParty_ShouldReturnPartyWithCorrectSlots" computerName="DESKTOP-NU2JJ62" duration="00:00:00.0765644" startTime="2026-03-08T15:11:27.7388697-03:00" endTime="2026-03-08T15:11:27.8277931-03:00" testType="13cdc9d9-ddb5-4fa4-a97d-d965ccfc6d4b" outcome="Passed" testListId="8c84fa94-04c1-424b-9868-57a2d4851a1d" relativeResultsDirectory="7476e3c1-bb3e-4625-aa8e-45e457ce724d" />
  </Results>
  <TestDefinitions>
    <UnitTest name="Tests.Backend.MemoryReaderTests.TryConnect_ShouldReturnFalse_WhenProcessNotFound" storage="c:\projetos\digivice\tests\bin\debug\net10.0\tests.dll" id="f206c77c-5421-7905-fed0-725c89b6a318">
      <Execution id="9f074f2d-2ca4-4f02-a376-27aa8bdc6a6f" />
      <TestMethod codeBase="C:\Projetos\digivice\Tests\bin\Debug\net10.0\Tests.dll" adapterTypeName="executor://xunit/VsTestRunner3/netcore/" className="Tests.Backend.MemoryReaderTests" name="TryConnect_ShouldReturnFalse_WhenProcessNotFound" />
    </UnitTest>
    <UnitTest name="Tests.Backend.Services.EventDispatcherServiceTests.ProcessGameState_ShouldEmitPartyChangedEvent_WhenDigimonListChanges" storage="c:\projetos\digivice\tests\bin\debug\net10.0\tests.dll" id="4df1abec-7034-9f5b-1cee-e255d869bee0">
      <Execution id="a9a39988-d352-4ec1-ab22-b50a33e559ec" />
      <TestMethod codeBase="C:\Projetos\digivice\Tests\bin\Debug\net10.0\Tests.dll" adapterTypeName="executor://xunit/VsTestRunner3/netcore/" className="Tests.Backend.Services.EventDispatcherServiceTests" name="ProcessGameState_ShouldEmitPartyChangedEvent_WhenDigimonListChanges" />
    </UnitTest>
    <UnitTest name="Tests.Backend.Services.EventDispatcherServiceTests.DispatchConnectionStatus_ShouldNotEmitEvent_WhenStatusRemainsSame" storage="c:\projetos\digivice\tests\bin\debug\net10.0\tests.dll" id="49ba07ce-f973-29a1-927d-09fb57470e34">
      <Execution id="06e1f5f6-4f63-4ddb-ad1a-ce9f89050cdd" />
      <TestMethod codeBase="C:\Projetos\digivice\Tests\bin\Debug\net10.0\Tests.dll" adapterTypeName="executor://xunit/VsTestRunner3/netcore/" className="Tests.Backend.Services.EventDispatcherServiceTests" name="DispatchConnectionStatus_ShouldNotEmitEvent_WhenStatusRemainsSame" />
    </UnitTest>
    <UnitTest name="Tests.Backend.Services.EventDispatcherServiceTests.ProcessGameState_ShouldEmitDigievolutionsChangedEvent_WhenDigievolutionsChange" storage="c:\projetos\digivice\tests\bin\debug\net10.0\tests.dll" id="847d552d-3634-7876-8290-450e16ac3683">
      <Execution id="f9a5b405-3ee6-42b4-9ed4-6a48d6274e03" />
      <TestMethod codeBase="C:\Projetos\digivice\Tests\bin\Debug\net10.0\Tests.dll" adapterTypeName="executor://xunit/VsTestRunner3/netcore/" className="Tests.Backend.Services.EventDispatcherServiceTests" name="ProcessGameState_ShouldEmitDigievolutionsChangedEvent_WhenDigievolutionsChange" />
    </UnitTest>
    <UnitTest name="Tests.Backend.Utils.TextDecoderTests.Decode_ShouldHandleMixedCaseDigimonName_Kotemon" storage="c:\projetos\digivice\tests\bin\debug\net10.0\tests.dll" id="6010d3e9-9abb-3837-83cd-2e33d86d9475">
      <Execution id="839d2130-0412-4f3c-812e-5b853f56ac4a" />
      <TestMethod codeBase="C:\Projetos\digivice\Tests\bin\Debug\net10.0\Tests.dll" adapterTypeName="executor://xunit/VsTestRunner3/netcore/" className="Tests.Backend.Utils.TextDecoderTests" name="Decode_ShouldHandleMixedCaseDigimonName_Kotemon" />
    </UnitTest>
    <UnitTest name="Tests.Backend.Services.EventDispatcherServiceTests.ProcessGameState_ShouldEmitEquipmentsChangedEvent_WhenEquipmentsChange" storage="c:\projetos\digivice\tests\bin\debug\net10.0\tests.dll" id="a2ecb8d7-df43-0801-9cf2-2e03f77c03ea">
      <Execution id="24c1cc0f-1b65-4dbe-9f4f-ec59ae04e336" />
      <TestMethod codeBase="C:\Projetos\digivice\Tests\bin\Debug\net10.0\Tests.dll" adapterTypeName="executor://xunit/VsTestRunner3/netcore/" className="Tests.Backend.Services.EventDispatcherServiceTests" name="ProcessGameState_ShouldEmitEquipmentsChangedEvent_WhenEquipmentsChange" />
    </UnitTest>
    <UnitTest name="Tests.Backend.MemoryReaderTests.ReadInt32_ShouldReturnCorrectValue_WhenConnected" storage="c:\projetos\digivice\tests\bin\debug\net10.0\tests.dll" id="07080d20-e413-2745-67ee-0c33e5bb4d12">
      <Execution id="a762884e-4ae0-4a19-8a5d-57c233d9e610" />
      <TestMethod codeBase="C:\Projetos\digivice\Tests\bin\Debug\net10.0\Tests.dll" adapterTypeName="executor://xunit/VsTestRunner3/netcore/" className="Tests.Backend.MemoryReaderTests" name="ReadInt32_ShouldReturnCorrectValue_WhenConnected" />
    </UnitTest>
    <UnitTest name="Tests.Backend.Services.EventDispatcherServiceTests.ProcessGameState_ShouldEmitInitialSyncEvent_OnFirstCall" storage="c:\projetos\digivice\tests\bin\debug\net10.0\tests.dll" id="020238fa-5389-4f5d-1349-fb9935534700">
      <Execution id="1ea9fd71-8b46-4942-acf1-e7b1ecc5998e" />
      <TestMethod codeBase="C:\Projetos\digivice\Tests\bin\Debug\net10.0\Tests.dll" adapterTypeName="executor://xunit/VsTestRunner3/netcore/" className="Tests.Backend.Services.EventDispatcherServiceTests" name="ProcessGameState_ShouldEmitInitialSyncEvent_OnFirstCall" />
    </UnitTest>
    <UnitTest name="Tests.Backend.Services.EventDispatcherServiceTests.DispatchConnectionStatus_ShouldEmitEvent_WhenStatusChanges" storage="c:\projetos\digivice\tests\bin\debug\net10.0\tests.dll" id="b5ec3ba5-84c8-0115-0e72-df212da30d6b">
      <Execution id="98142f4d-8432-45bc-946e-59d0fb0ef972" />
      <TestMethod codeBase="C:\Projetos\digivice\Tests\bin\Debug\net10.0\Tests.dll" adapterTypeName="executor://xunit/VsTestRunner3/netcore/" className="Tests.Backend.Services.EventDispatcherServiceTests" name="DispatchConnectionStatus_ShouldEmitEvent_WhenStatusChanges" />
    </UnitTest>
    <UnitTest name="Tests.Backend.Utils.TextDecoderTests.DecodeName_ShouldHandleLettersAndDigits" storage="c:\projetos\digivice\tests\bin\debug\net10.0\tests.dll" id="ebbb97d4-39bf-4f59-c35a-c2dbd3d7c4ca">
      <Execution id="055f3cf4-d855-44d2-9ea9-9723397830a6" />
      <TestMethod codeBase="C:\Projetos\digivice\Tests\bin\Debug\net10.0\Tests.dll" adapterTypeName="executor://xunit/VsTestRunner3/netcore/" className="Tests.Backend.Utils.TextDecoderTests" name="DecodeName_ShouldHandleLettersAndDigits" />
    </UnitTest>
    <UnitTest name="Tests.Backend.Services.EventDispatcherServiceTests.ProcessGameState_ShouldEmitVitalsChangedEvent_WhenHPChanges" storage="c:\projetos\digivice\tests\bin\debug\net10.0\tests.dll" id="481f4c4d-0ddc-8c8b-c2e5-fc6e976ed24b">
      <Execution id="0e09d8f1-43f2-4743-bbde-5ba488368d64" />
      <TestMethod codeBase="C:\Projetos\digivice\Tests\bin\Debug\net10.0\Tests.dll" adapterTypeName="executor://xunit/VsTestRunner3/netcore/" className="Tests.Backend.Services.EventDispatcherServiceTests" name="ProcessGameState_ShouldEmitVitalsChangedEvent_WhenHPChanges" />
    </UnitTest>
    <UnitTest name="Tests.Backend.MemoryReaderTests.ReadBytes_ShouldReturnBuffer_WhenConnected" storage="c:\projetos\digivice\tests\bin\debug\net10.0\tests.dll" id="b9eccaa1-0848-4e48-146f-560ee1a18bb8">
      <Execution id="76ab57a3-f387-4223-a984-c7cc9419a12f" />
      <TestMethod codeBase="C:\Projetos\digivice\Tests\bin\Debug\net10.0\Tests.dll" adapterTypeName="executor://xunit/VsTestRunner3/netcore/" className="Tests.Backend.MemoryReaderTests" name="ReadBytes_ShouldReturnBuffer_WhenConnected" />
    </UnitTest>
    <UnitTest name="Tests.Backend.Services.EventDispatcherServiceTests.ProcessGameState_ShouldEmitBitsChangedEvent_WhenBitsChange" storage="c:\projetos\digivice\tests\bin\debug\net10.0\tests.dll" id="568d3949-4687-dd8d-a762-f2604f732400">
      <Execution id="ff9cfccf-da19-4958-b0e0-19600e876c33" />
      <TestMethod codeBase="C:\Projetos\digivice\Tests\bin\Debug\net10.0\Tests.dll" adapterTypeName="executor://xunit/VsTestRunner3/netcore/" className="Tests.Backend.Services.EventDispatcherServiceTests" name="ProcessGameState_ShouldEmitBitsChangedEvent_WhenBitsChange" />
    </UnitTest>
    <UnitTest name="Tests.Backend.MemoryReaderTests.ReadInt16_ShouldReturnCorrectValue_WhenConnected" storage="c:\projetos\digivice\tests\bin\debug\net10.0\tests.dll" id="270f4804-9d18-25d6-4818-05890853854e">
      <Execution id="fcc2154c-41fa-4ad3-a39b-15669c077a18" />
      <TestMethod codeBase="C:\Projetos\digivice\Tests\bin\Debug\net10.0\Tests.dll" adapterTypeName="executor://xunit/VsTestRunner3/netcore/" className="Tests.Backend.MemoryReaderTests" name="ReadInt16_ShouldReturnCorrectValue_WhenConnected" />
    </UnitTest>
    <UnitTest name="Tests.Backend.Services.EventDispatcherServiceTests.ProcessGameState_ShouldNotEmitEvents_WhenStateIsIdentical" storage="c:\projetos\digivice\tests\bin\debug\net10.0\tests.dll" id="c25e60d2-cee9-e0d5-22f6-056f462bca3c">
      <Execution id="544f98d3-3832-4cb4-b9bc-a0e76773c4fa" />
      <TestMethod codeBase="C:\Projetos\digivice\Tests\bin\Debug\net10.0\Tests.dll" adapterTypeName="executor://xunit/VsTestRunner3/netcore/" className="Tests.Backend.Services.EventDispatcherServiceTests" name="ProcessGameState_ShouldNotEmitEvents_WhenStateIsIdentical" />
    </UnitTest>
    <UnitTest name="Tests.Backend.Utils.TextDecoderTests.Decode_ShouldHandleBoundaryCharacters" storage="c:\projetos\digivice\tests\bin\debug\net10.0\tests.dll" id="7d327d91-14b3-889b-ef3a-076e195b9a17">
      <Execution id="85e3658e-df0f-413c-a4b6-15fa97683b08" />
      <TestMethod codeBase="C:\Projetos\digivice\Tests\bin\Debug\net10.0\Tests.dll" adapterTypeName="executor://xunit/VsTestRunner3/netcore/" className="Tests.Backend.Utils.TextDecoderTests" name="Decode_ShouldHandleBoundaryCharacters" />
    </UnitTest>
    <UnitTest name="Tests.Backend.Services.GameReaderTests.ReadPlayer_ShouldReturnDecodedPlayerNameAndBits" storage="c:\projetos\digivice\tests\bin\debug\net10.0\tests.dll" id="b80bf121-4e12-47db-eab4-8344f8a6a1de">
      <Execution id="f17c906a-b1a0-4c9d-95e5-4f20f3245e27" />
      <TestMethod codeBase="C:\Projetos\digivice\Tests\bin\Debug\net10.0\Tests.dll" adapterTypeName="executor://xunit/VsTestRunner3/netcore/" className="Tests.Backend.Services.GameReaderTests" name="ReadPlayer_ShouldReturnDecodedPlayerNameAndBits" />
    </UnitTest>
    <UnitTest name="Tests.Backend.MemoryReaderTests.ReadString_ShouldReturnCorrectValue_WhenConnected" storage="c:\projetos\digivice\tests\bin\debug\net10.0\tests.dll" id="f47962e4-e5f1-58ad-55fc-b6b2c0c2a4da">
      <Execution id="ae00f082-3f97-4c9d-85a4-ea662f9886f4" />
      <TestMethod codeBase="C:\Projetos\digivice\Tests\bin\Debug\net10.0\Tests.dll" adapterTypeName="executor://xunit/VsTestRunner3/netcore/" className="Tests.Backend.MemoryReaderTests" name="ReadString_ShouldReturnCorrectValue_WhenConnected" />
    </UnitTest>
    <UnitTest name="Tests.Backend.Utils.TextDecoderTests.Decode_ShouldStopAtNullTerminator" storage="c:\projetos\digivice\tests\bin\debug\net10.0\tests.dll" id="ae356b4b-d29e-3ff6-6b36-1121c8e59112">
      <Execution id="0842216f-3703-44d8-85dd-9d5dce8442df" />
      <TestMethod codeBase="C:\Projetos\digivice\Tests\bin\Debug\net10.0\Tests.dll" adapterTypeName="executor://xunit/VsTestRunner3/netcore/" className="Tests.Backend.Utils.TextDecoderTests" name="Decode_ShouldStopAtNullTerminator" />
    </UnitTest>
    <UnitTest name="Tests.Backend.Utils.TextDecoderTests.Decode_ShouldStopAtFFTerminator" storage="c:\projetos\digivice\tests\bin\debug\net10.0\tests.dll" id="3eeb60bd-dc8d-c7b2-3cd7-d0b171db2ff0">
      <Execution id="c458de6f-234d-4605-a995-b32b65a9ad98" />
      <TestMethod codeBase="C:\Projetos\digivice\Tests\bin\Debug\net10.0\Tests.dll" adapterTypeName="executor://xunit/VsTestRunner3/netcore/" className="Tests.Backend.Utils.TextDecoderTests" name="Decode_ShouldStopAtFFTerminator" />
    </UnitTest>
    <UnitTest name="Tests.Backend.MemoryReaderTests.ReadString_ShouldHandleNullTerminator" storage="c:\projetos\digivice\tests\bin\debug\net10.0\tests.dll" id="52e84af9-cc59-77d1-9a7d-b455f2c0200a">
      <Execution id="28c2dab4-d60b-4c02-b762-796c236db8d7" />
      <TestMethod codeBase="C:\Projetos\digivice\Tests\bin\Debug\net10.0\Tests.dll" adapterTypeName="executor://xunit/VsTestRunner3/netcore/" className="Tests.Backend.MemoryReaderTests" name="ReadString_ShouldHandleNullTerminator" />
    </UnitTest>
    <UnitTest name="Tests.Backend.Utils.TextDecoderTests.Decode_ShouldReturnEmpty_WhenBufferIsNull" storage="c:\projetos\digivice\tests\bin\debug\net10.0\tests.dll" id="3f81235b-2e86-d6ef-7017-65998bd1744d">
      <Execution id="c857975d-e536-43bc-b892-4d90b507b782" />
      <TestMethod codeBase="C:\Projetos\digivice\Tests\bin\Debug\net10.0\Tests.dll" adapterTypeName="executor://xunit/VsTestRunner3/netcore/" className="Tests.Backend.Utils.TextDecoderTests" name="Decode_ShouldReturnEmpty_WhenBufferIsNull" />
    </UnitTest>
    <UnitTest name="Tests.Backend.Utils.TextDecoderTests.Decode_ShouldHandleUppercaseAsciiName" storage="c:\projetos\digivice\tests\bin\debug\net10.0\tests.dll" id="cf62ae31-462a-8474-e763-d085ceffac68">
      <Execution id="04758531-7605-4113-9207-aff526a554da" />
      <TestMethod codeBase="C:\Projetos\digivice\Tests\bin\Debug\net10.0\Tests.dll" adapterTypeName="executor://xunit/VsTestRunner3/netcore/" className="Tests.Backend.Utils.TextDecoderTests" name="Decode_ShouldHandleUppercaseAsciiName" />
    </UnitTest>
    <UnitTest name="Tests.Backend.Utils.TextDecoderTests.Decode_ShouldHandleMixedCaseName_Jean" storage="c:\projetos\digivice\tests\bin\debug\net10.0\tests.dll" id="f5dff42e-f624-5387-2e84-231a827c859f">
      <Execution id="685ca203-4cb3-4667-adce-1c679cae4825" />
      <TestMethod codeBase="C:\Projetos\digivice\Tests\bin\Debug\net10.0\Tests.dll" adapterTypeName="executor://xunit/VsTestRunner3/netcore/" className="Tests.Backend.Utils.TextDecoderTests" name="Decode_ShouldHandleMixedCaseName_Jean" />
    </UnitTest>
    <UnitTest name="Tests.Backend.MemoryReaderTests.ReadInt32_ShouldReturnMinusOne_WhenNotConnected" storage="c:\projetos\digivice\tests\bin\debug\net10.0\tests.dll" id="e3258119-7b80-1cd9-e2e7-edad04176727">
      <Execution id="642e8336-58e1-4922-8ad9-5bc1e9d44431" />
      <TestMethod codeBase="C:\Projetos\digivice\Tests\bin\Debug\net10.0\Tests.dll" adapterTypeName="executor://xunit/VsTestRunner3/netcore/" className="Tests.Backend.MemoryReaderTests" name="ReadInt32_ShouldReturnMinusOne_WhenNotConnected" />
    </UnitTest>
    <UnitTest name="Tests.Backend.MemoryReaderTests.TryConnect_ShouldReturnTrue_WhenProcessAndMappingExist" storage="c:\projetos\digivice\tests\bin\debug\net10.0\tests.dll" id="39fe748e-7e7c-50cb-903a-12a7f3acee42">
      <Execution id="97cfe603-1231-48f6-8214-92f4a914bab8" />
      <TestMethod codeBase="C:\Projetos\digivice\Tests\bin\Debug\net10.0\Tests.dll" adapterTypeName="executor://xunit/VsTestRunner3/netcore/" className="Tests.Backend.MemoryReaderTests" name="TryConnect_ShouldReturnTrue_WhenProcessAndMappingExist" />
    </UnitTest>
    <UnitTest name="Tests.Backend.Services.EventDispatcherServiceTests.ProcessGameState_ShouldNotEmitLevelUpEvent_WhenOnlyXpIncreases" storage="c:\projetos\digivice\tests\bin\debug\net10.0\tests.dll" id="da313429-a586-a70c-83fc-78b75521ce56">
      <Execution id="5aeade39-366d-490d-a168-34d7d42466a8" />
      <TestMethod codeBase="C:\Projetos\digivice\Tests\bin\Debug\net10.0\Tests.dll" adapterTypeName="executor://xunit/VsTestRunner3/netcore/" className="Tests.Backend.Services.EventDispatcherServiceTests" name="ProcessGameState_ShouldNotEmitLevelUpEvent_WhenOnlyXpIncreases" />
    </UnitTest>
    <UnitTest name="Tests.Backend.Services.GameReaderTests.ReadParty_ShouldReturnPartyWithCorrectSlots" storage="c:\projetos\digivice\tests\bin\debug\net10.0\tests.dll" id="1c7c7cf7-4045-5f65-5bc7-222a9b9d1dbf">
      <Execution id="7476e3c1-bb3e-4625-aa8e-45e457ce724d" />
      <TestMethod codeBase="C:\Projetos\digivice\Tests\bin\Debug\net10.0\Tests.dll" adapterTypeName="executor://xunit/VsTestRunner3/netcore/" className="Tests.Backend.Services.GameReaderTests" name="ReadParty_ShouldReturnPartyWithCorrectSlots" />
    </UnitTest>
    <UnitTest name="Tests.Backend.Services.EventDispatcherServiceTests.ProcessGameState_ShouldEmitLevelUpEvent_WhenLevelIncreases" storage="c:\projetos\digivice\tests\bin\debug\net10.0\tests.dll" id="c19ae901-506d-e7d3-1746-2e11ffcdab7d">
      <Execution id="9e1680c7-7b76-4bab-bf04-f293d23d4e48" />
      <TestMethod codeBase="C:\Projetos\digivice\Tests\bin\Debug\net10.0\Tests.dll" adapterTypeName="executor://xunit/VsTestRunner3/netcore/" className="Tests.Backend.Services.EventDispatcherServiceTests" name="ProcessGameState_ShouldEmitLevelUpEvent_WhenLevelIncreases" />
    </UnitTest>
  </TestDefinitions>
  <TestEntries>
    <TestEntry testId="da313429-a586-a70c-83fc-78b75521ce56" executionId="5aeade39-366d-490d-a168-34d7d42466a8" testListId="8c84fa94-04c1-424b-9868-57a2d4851a1d" />
    <TestEntry testId="568d3949-4687-dd8d-a762-f2604f732400" executionId="ff9cfccf-da19-4958-b0e0-19600e876c33" testListId="8c84fa94-04c1-424b-9868-57a2d4851a1d" />
    <TestEntry testId="07080d20-e413-2745-67ee-0c33e5bb4d12" executionId="a762884e-4ae0-4a19-8a5d-57c233d9e610" testListId="8c84fa94-04c1-424b-9868-57a2d4851a1d" />
    <TestEntry testId="270f4804-9d18-25d6-4818-05890853854e" executionId="fcc2154c-41fa-4ad3-a39b-15669c077a18" testListId="8c84fa94-04c1-424b-9868-57a2d4851a1d" />
    <TestEntry testId="3eeb60bd-dc8d-c7b2-3cd7-d0b171db2ff0" executionId="c458de6f-234d-4605-a995-b32b65a9ad98" testListId="8c84fa94-04c1-424b-9868-57a2d4851a1d" />
    <TestEntry testId="49ba07ce-f973-29a1-927d-09fb57470e34" executionId="06e1f5f6-4f63-4ddb-ad1a-ce9f89050cdd" testListId="8c84fa94-04c1-424b-9868-57a2d4851a1d" />
    <TestEntry testId="a2ecb8d7-df43-0801-9cf2-2e03f77c03ea" executionId="24c1cc0f-1b65-4dbe-9f4f-ec59ae04e336" testListId="8c84fa94-04c1-424b-9868-57a2d4851a1d" />
    <TestEntry testId="6010d3e9-9abb-3837-83cd-2e33d86d9475" executionId="839d2130-0412-4f3c-812e-5b853f56ac4a" testListId="8c84fa94-04c1-424b-9868-57a2d4851a1d" />
    <TestEntry testId="e3258119-7b80-1cd9-e2e7-edad04176727" executionId="642e8336-58e1-4922-8ad9-5bc1e9d44431" testListId="8c84fa94-04c1-424b-9868-57a2d4851a1d" />
    <TestEntry testId="c25e60d2-cee9-e0d5-22f6-056f462bca3c" executionId="544f98d3-3832-4cb4-b9bc-a0e76773c4fa" testListId="8c84fa94-04c1-424b-9868-57a2d4851a1d" />
    <TestEntry testId="4df1abec-7034-9f5b-1cee-e255d869bee0" executionId="a9a39988-d352-4ec1-ab22-b50a33e559ec" testListId="8c84fa94-04c1-424b-9868-57a2d4851a1d" />
    <TestEntry testId="020238fa-5389-4f5d-1349-fb9935534700" executionId="1ea9fd71-8b46-4942-acf1-e7b1ecc5998e" testListId="8c84fa94-04c1-424b-9868-57a2d4851a1d" />
    <TestEntry testId="ebbb97d4-39bf-4f59-c35a-c2dbd3d7c4ca" executionId="055f3cf4-d855-44d2-9ea9-9723397830a6" testListId="8c84fa94-04c1-424b-9868-57a2d4851a1d" />
    <TestEntry testId="b9eccaa1-0848-4e48-146f-560ee1a18bb8" executionId="76ab57a3-f387-4223-a984-c7cc9419a12f" testListId="8c84fa94-04c1-424b-9868-57a2d4851a1d" />
    <TestEntry testId="c19ae901-506d-e7d3-1746-2e11ffcdab7d" executionId="9e1680c7-7b76-4bab-bf04-f293d23d4e48" testListId="8c84fa94-04c1-424b-9868-57a2d4851a1d" />
    <TestEntry testId="52e84af9-cc59-77d1-9a7d-b455f2c0200a" executionId="28c2dab4-d60b-4c02-b762-796c236db8d7" testListId="8c84fa94-04c1-424b-9868-57a2d4851a1d" />
    <TestEntry testId="481f4c4d-0ddc-8c8b-c2e5-fc6e976ed24b" executionId="0e09d8f1-43f2-4743-bbde-5ba488368d64" testListId="8c84fa94-04c1-424b-9868-57a2d4851a1d" />
    <TestEntry testId="3f81235b-2e86-d6ef-7017-65998bd1744d" executionId="c857975d-e536-43bc-b892-4d90b507b782" testListId="8c84fa94-04c1-424b-9868-57a2d4851a1d" />
    <TestEntry testId="cf62ae31-462a-8474-e763-d085ceffac68" executionId="04758531-7605-4113-9207-aff526a554da" testListId="8c84fa94-04c1-424b-9868-57a2d4851a1d" />
    <TestEntry testId="f5dff42e-f624-5387-2e84-231a827c859f" executionId="685ca203-4cb3-4667-adce-1c679cae4825" testListId="8c84fa94-04c1-424b-9868-57a2d4851a1d" />
    <TestEntry testId="b5ec3ba5-84c8-0115-0e72-df212da30d6b" executionId="98142f4d-8432-45bc-946e-59d0fb0ef972" testListId="8c84fa94-04c1-424b-9868-57a2d4851a1d" />
    <TestEntry testId="7d327d91-14b3-889b-ef3a-076e195b9a17" executionId="85e3658e-df0f-413c-a4b6-15fa97683b08" testListId="8c84fa94-04c1-424b-9868-57a2d4851a1d" />
    <TestEntry testId="ae356b4b-d29e-3ff6-6b36-1121c8e59112" executionId="0842216f-3703-44d8-85dd-9d5dce8442df" testListId="8c84fa94-04c1-424b-9868-57a2d4851a1d" />
    <TestEntry testId="f47962e4-e5f1-58ad-55fc-b6b2c0c2a4da" executionId="ae00f082-3f97-4c9d-85a4-ea662f9886f4" testListId="8c84fa94-04c1-424b-9868-57a2d4851a1d" />
    <TestEntry testId="f206c77c-5421-7905-fed0-725c89b6a318" executionId="9f074f2d-2ca4-4f02-a376-27aa8bdc6a6f" testListId="8c84fa94-04c1-424b-9868-57a2d4851a1d" />
    <TestEntry testId="847d552d-3634-7876-8290-450e16ac3683" executionId="f9a5b405-3ee6-42b4-9ed4-6a48d6274e03" testListId="8c84fa94-04c1-424b-9868-57a2d4851a1d" />
    <TestEntry testId="39fe748e-7e7c-50cb-903a-12a7f3acee42" executionId="97cfe603-1231-48f6-8214-92f4a914bab8" testListId="8c84fa94-04c1-424b-9868-57a2d4851a1d" />
    <TestEntry testId="b80bf121-4e12-47db-eab4-8344f8a6a1de" executionId="f17c906a-b1a0-4c9d-95e5-4f20f3245e27" testListId="8c84fa94-04c1-424b-9868-57a2d4851a1d" />
    <TestEntry testId="1c7c7cf7-4045-5f65-5bc7-222a9b9d1dbf" executionId="7476e3c1-bb3e-4625-aa8e-45e457ce724d" testListId="8c84fa94-04c1-424b-9868-57a2d4851a1d" />
  </TestEntries>
  <TestLists>
    <TestList name="Resultados que não estão em uma lista" id="8c84fa94-04c1-424b-9868-57a2d4851a1d" />
    <TestList name="Todos os resultados carregados" id="19431567-8539-422a-85d7-44ee4e166bda" />
  </TestLists>
  <ResultSummary outcome="Failed">
    <Counters total="29" executed="29" passed="25" failed="4" error="0" timeout="0" aborted="0" inconclusive="0" passedButRunAborted="0" notRunnable="0" notExecuted="0" disconnected="0" warning="0" completed="0" inProgress="0" pending="0" />
    <Output>
      <StdOut>[xUnit.net 00:00:00.00] xUnit.net VSTest Adapter v3.1.4+50e68bbb8b (64-bit .NET 10.0.3)&#xD;
[xUnit.net 00:00:00.08]   Discovering: Tests&#xD;
[xUnit.net 00:00:00.13]   Discovered:  Tests&#xD;
[xUnit.net 00:00:00.15]   Starting:    Tests&#xD;
[xUnit.net 00:00:00.21]       Assert.Equal() Failure: Strings differ&#xD;
[xUnit.net 00:00:00.21]                    ↓ (pos 2)&#xD;
[xUnit.net 00:00:00.21]       Expected: "Ta01"&#xD;
[xUnit.net 00:00:00.21]       Actual:   "Ta.-"&#xD;
[xUnit.net 00:00:00.21]                    ↑ (pos 2)&#xD;
[xUnit.net 00:00:00.21]       Stack Trace:&#xD;
[xUnit.net 00:00:00.22]         C:\Projetos\digivice\Tests\Backend\Utils\TextDecoderTests.cs(75,0): at Tests.Backend.Utils.TextDecoderTests.DecodeName_ShouldHandleLettersAndDigits()&#xD;
[xUnit.net 00:00:00.22]            at System.Reflection.MethodBaseInvoker.InterpretedInvoke_Method(Object obj, IntPtr* args)&#xD;
[xUnit.net 00:00:00.22]            at System.Reflection.MethodBaseInvoker.InvokeWithNoArgs(Object obj, BindingFlags invokeAttr)&#xD;
[xUnit.net 00:00:00.27]       System.ArgumentException : Invalid callback. Setup on method with parameters (long, byte[], int, int) cannot invoke callback with parameters (int, byte[], int, int).&#xD;
[xUnit.net 00:00:00.27]       Stack Trace:&#xD;
[xUnit.net 00:00:00.27]         /_/src/Moq/MethodCall.cs(166,0): at Moq.MethodCall.SetCallbackBehavior(Delegate callback)&#xD;
[xUnit.net 00:00:00.27]         /_/src/Moq/Language/Flow/SetupPhrase.cs(72,0): at Moq.Language.Flow.SetupPhrase.Callback[T1,T2,T3,T4](Action`4 callback)&#xD;
[xUnit.net 00:00:00.27]         C:\Projetos\digivice\Tests\Backend\MemoryReaderServiceTests.cs(88,0): at Tests.Backend.MemoryReaderTests.ReadBytes_ShouldReturnBuffer_WhenConnected()&#xD;
[xUnit.net 00:00:00.27]            at System.Reflection.MethodBaseInvoker.InterpretedInvoke_Method(Object obj, IntPtr* args)&#xD;
[xUnit.net 00:00:00.27]            at System.Reflection.MethodBaseInvoker.InvokeWithNoArgs(Object obj, BindingFlags invokeAttr)&#xD;
[xUnit.net 00:00:00.28]       System.ArgumentException : Invalid callback. Setup on method with parameters (long, byte[], int, int) cannot invoke callback with parameters (int, byte[], int, int).&#xD;
[xUnit.net 00:00:00.28]       Stack Trace:&#xD;
[xUnit.net 00:00:00.28]         /_/src/Moq/MethodCall.cs(166,0): at Moq.MethodCall.SetCallbackBehavior(Delegate callback)&#xD;
[xUnit.net 00:00:00.28]         /_/src/Moq/Language/Flow/SetupPhrase.cs(72,0): at Moq.Language.Flow.SetupPhrase.Callback[T1,T2,T3,T4](Action`4 callback)&#xD;
[xUnit.net 00:00:00.28]         C:\Projetos\digivice\Tests\Backend\MemoryReaderServiceTests.cs(138,0): at Tests.Backend.MemoryReaderTests.ReadString_ShouldReturnCorrectValue_WhenConnected()&#xD;
[xUnit.net 00:00:00.28]            at System.Reflection.MethodBaseInvoker.InterpretedInvoke_Method(Object obj, IntPtr* args)&#xD;
[xUnit.net 00:00:00.28]            at System.Reflection.MethodBaseInvoker.InvokeWithNoArgs(Object obj, BindingFlags invokeAttr)&#xD;
[xUnit.net 00:00:00.28]       System.ArgumentException : Invalid callback. Setup on method with parameters (long, byte[], int, int) cannot invoke callback with parameters (int, byte[], int, int).&#xD;
[xUnit.net 00:00:00.28]       Stack Trace:&#xD;
[xUnit.net 00:00:00.28]         /_/src/Moq/MethodCall.cs(166,0): at Moq.MethodCall.SetCallbackBehavior(Delegate callback)&#xD;
[xUnit.net 00:00:00.28]         /_/src/Moq/Language/Flow/SetupPhrase.cs(72,0): at Moq.Language.Flow.SetupPhrase.Callback[T1,T2,T3,T4](Action`4 callback)&#xD;
[xUnit.net 00:00:00.28]         C:\Projetos\digivice\Tests\Backend\MemoryReaderServiceTests.cs(166,0): at Tests.Backend.MemoryReaderTests.ReadString_ShouldHandleNullTerminator()&#xD;
[xUnit.net 00:00:00.28]            at System.Reflection.MethodBaseInvoker.InterpretedInvoke_Method(Object obj, IntPtr* args)&#xD;
[xUnit.net 00:00:00.28]            at System.Reflection.MethodBaseInvoker.InvokeWithNoArgs(Object obj, BindingFlags invokeAttr)&#xD;
[xUnit.net 00:00:00.30]   Finished:    Tests&#xD;
</StdOut>
    </Output>
    <RunInfos>
      <RunInfo computerName="DESKTOP-NU2JJ62" outcome="Error" timestamp="2026-03-08T15:11:27.7728093-03:00">
        <Text>[xUnit.net 00:00:00.21]     Tests.Backend.Utils.TextDecoderTests.DecodeName_ShouldHandleLettersAndDigits [FAIL]</Text>
      </RunInfo>
      <RunInfo computerName="DESKTOP-NU2JJ62" outcome="Error" timestamp="2026-03-08T15:11:27.8705843-03:00">
        <Text>[xUnit.net 00:00:00.27]     Tests.Backend.MemoryReaderTests.ReadBytes_ShouldReturnBuffer_WhenConnected [FAIL]</Text>
      </RunInfo>
      <RunInfo computerName="DESKTOP-NU2JJ62" outcome="Error" timestamp="2026-03-08T15:11:27.8709243-03:00">
        <Text>[xUnit.net 00:00:00.28]     Tests.Backend.MemoryReaderTests.ReadString_ShouldReturnCorrectValue_WhenConnected [FAIL]</Text>
      </RunInfo>
      <RunInfo computerName="DESKTOP-NU2JJ62" outcome="Error" timestamp="2026-03-08T15:11:27.8723641-03:00">
        <Text>[xUnit.net 00:00:00.28]     Tests.Backend.MemoryReaderTests.ReadString_ShouldHandleNullTerminator [FAIL]</Text>
      </RunInfo>
    </RunInfos>
  </ResultSummary>
</TestRun>