<?xml version="1.0" encoding="utf-8"?>
<TestRun id="a052d1c9-9573-4d54-ab7d-7f77ea50b711" name="Jean@DESKTOP-NU2JJ62 2026-03-08 16:31:32" runUser="DESKTOP-NU2JJ62\Jean" xmlns="http://microsoft.com/schemas/VisualStudio/TeamTest/2010">
  <Times creation="2026-03-08T16:31:32.0216300-03:00" queuing="2026-03-08T16:31:32.0216301-03:00" start="2026-03-08T16:31:31.3727721-03:00" finish="2026-03-08T16:31:32.1204286-03:00" />
  <TestSettings name="default" id="e635e3b2-17ed-474e-a2a9-f7188c98cb9f">
    <Deployment runDeploymentRoot="Jean_DESKTOP-NU2JJ62_2026-03-08_16_31_32" />
  </TestSettings>
  <Results>
    <UnitTestResult executionId="0c736457-4942-4193-b4de-aeb1216f7cd6" testId="aa1e6f13-671f-b2e7-a451-4c296a152b91" testName="Tests.Backend.Services.GameDatabaseTests.GetPlayerAddresses_ShouldFallbackSilently_OrCatchError" computerName="DESKTOP-NU2JJ62" duration="00:00:00.0053803" startTime="2026-03-08T16:31:31.9788729-03:00" endTime="2026-03-08T16:31:31.9840380-03:00" testType="13cdc9d9-ddb5-4fa4-a97d-d965ccfc6d4b" outcome="Passed" testListId="8c84fa94-04c1-424b-9868-57a2d4851a1d" relativeResultsDirectory="0c736457-4942-4193-b4de-aeb1216f7cd6" />
    <UnitTestResult executionId="25f66a05-08a9-4d0f-8e90-d5b330c2266d" testId="7de69408-1a4d-ea7d-ee61-9c641b5d7a7a" testName="Tests.Backend.Services.ItemsStateServiceTests.GetConsumableItems_ShouldMapQuantity_BasedOnReaderBytes" computerName="DESKTOP-NU2JJ62" duration="00:00:00.0820324" startTime="2026-03-08T16:31:31.9767506-03:00" endTime="2026-03-08T16:31:32.0415763-03:00" testType="13cdc9d9-ddb5-4fa4-a97d-d965ccfc6d4b" outcome="Failed" testListId="8c84fa94-04c1-424b-9868-57a2d4851a1d" relativeResultsDirectory="25f66a05-08a9-4d0f-8e90-d5b330c2266d">
      <Output>
        <ErrorInfo>
          <Message>System.NullReferenceException : Object reference not set to an instance of an object.</Message>
          <StackTrace>   at Backend.Services.ItemsStateService.GetConsumableItems() in C:\Projetos\digivice\Backend\Services\ItemsStateService.cs:line 36&#xD;
   at Tests.Backend.Services.ItemsStateServiceTests.GetConsumableItems_ShouldMapQuantity_BasedOnReaderBytes() in C:\Projetos\digivice\Tests\Backend\Services\ItemsStateServiceTests.cs:line 59&#xD;
   at System.Reflection.MethodBaseInvoker.InterpretedInvoke_Method(Object obj, IntPtr* args)&#xD;
   at System.Reflection.MethodBaseInvoker.InvokeWithNoArgs(Object obj, BindingFlags invokeAttr)</StackTrace>
        </ErrorInfo>
      </Output>
    </UnitTestResult>
    <UnitTestResult executionId="57187710-4270-408d-9375-6d877c4fabdd" testId="3f81235b-2e86-d6ef-7017-65998bd1744d" testName="Tests.Backend.Utils.TextDecoderTests.Decode_ShouldReturnEmpty_WhenBufferIsNull" computerName="DESKTOP-NU2JJ62" duration="00:00:00.0004126" startTime="2026-03-08T16:31:31.9942111-03:00" endTime="2026-03-08T16:31:31.9951098-03:00" testType="13cdc9d9-ddb5-4fa4-a97d-d965ccfc6d4b" outcome="Passed" testListId="8c84fa94-04c1-424b-9868-57a2d4851a1d" relativeResultsDirectory="57187710-4270-408d-9375-6d877c4fabdd" />
    <UnitTestResult executionId="e15c7918-9464-42d1-a026-dc402f87be88" testId="ebbb97d4-39bf-4f59-c35a-c2dbd3d7c4ca" testName="Tests.Backend.Utils.TextDecoderTests.DecodeName_ShouldHandleLettersAndDigits" computerName="DESKTOP-NU2JJ62" duration="00:00:00.0124554" startTime="2026-03-08T16:31:31.9789436-03:00" endTime="2026-03-08T16:31:31.9940719-03:00" testType="13cdc9d9-ddb5-4fa4-a97d-d965ccfc6d4b" outcome="Passed" testListId="8c84fa94-04c1-424b-9868-57a2d4851a1d" relativeResultsDirectory="e15c7918-9464-42d1-a026-dc402f87be88" />
    <UnitTestResult executionId="250ec0dd-0f8b-489f-ab68-314c8efbba8f" testId="f76af2aa-3e7a-922d-7e6f-98f120914d8e" testName="Tests.Backend.Utils.TextDecoderTests.DecodeName_ShouldHandleSymbols" computerName="DESKTOP-NU2JJ62" duration="00:00:00.0001789" startTime="2026-03-08T16:31:31.9955306-03:00" endTime="2026-03-08T16:31:31.9955825-03:00" testType="13cdc9d9-ddb5-4fa4-a97d-d965ccfc6d4b" outcome="Passed" testListId="8c84fa94-04c1-424b-9868-57a2d4851a1d" relativeResultsDirectory="250ec0dd-0f8b-489f-ab68-314c8efbba8f" />
    <UnitTestResult executionId="a7cef2a4-e986-49da-8d55-9ca9c598026d" testId="f5dff42e-f624-5387-2e84-231a827c859f" testName="Tests.Backend.Utils.TextDecoderTests.Decode_ShouldHandleMixedCaseName_Jean" computerName="DESKTOP-NU2JJ62" duration="00:00:00.0002226" startTime="2026-03-08T16:31:32.0057149-03:00" endTime="2026-03-08T16:31:32.0057654-03:00" testType="13cdc9d9-ddb5-4fa4-a97d-d965ccfc6d4b" outcome="Passed" testListId="8c84fa94-04c1-424b-9868-57a2d4851a1d" relativeResultsDirectory="a7cef2a4-e986-49da-8d55-9ca9c598026d" />
    <UnitTestResult executionId="76f624d0-0b66-44b2-a53d-bb853d40d4ce" testId="e1895d0d-9440-3ea1-fa63-71c0cfc37b79" testName="Tests.Backend.Services.PlayerStateServiceTests.GetPlayer_ShouldMapAndFormatHex_ValuesCorrectly" computerName="DESKTOP-NU2JJ62" duration="00:00:00.0107688" startTime="2026-03-08T16:31:32.0319460-03:00" endTime="2026-03-08T16:31:32.0529221-03:00" testType="13cdc9d9-ddb5-4fa4-a97d-d965ccfc6d4b" outcome="Failed" testListId="8c84fa94-04c1-424b-9868-57a2d4851a1d" relativeResultsDirectory="76f624d0-0b66-44b2-a53d-bb853d40d4ce">
      <Output>
        <ErrorInfo>
          <Message>Assert.Equal() Failure: Strings differ&#xD;
             ↓ (pos 2)&#xD;
Expected: "Me "&#xD;
Actual:   "Me"</Message>
          <StackTrace>   at Tests.Backend.Services.PlayerStateServiceTests.GetPlayer_ShouldMapAndFormatHex_ValuesCorrectly() in C:\Projetos\digivice\Tests\Backend\Services\PlayerStateServiceTests.cs:line 52&#xD;
   at System.Reflection.MethodBaseInvoker.InterpretedInvoke_Method(Object obj, IntPtr* args)&#xD;
   at System.Reflection.MethodBaseInvoker.InvokeWithNoArgs(Object obj, BindingFlags invokeAttr)</StackTrace>
        </ErrorInfo>
      </Output>
    </UnitTestResult>
    <UnitTestResult executionId="e9942ff1-14c2-4b1c-b2e0-ddf517fdff0a" testId="cf62ae31-462a-8474-e763-d085ceffac68" testName="Tests.Backend.Utils.TextDecoderTests.Decode_ShouldHandleUppercaseAsciiName" computerName="DESKTOP-NU2JJ62" duration="00:00:00.0001404" startTime="2026-03-08T16:31:31.9957197-03:00" endTime="2026-03-08T16:31:31.9957712-03:00" testType="13cdc9d9-ddb5-4fa4-a97d-d965ccfc6d4b" outcome="Passed" testListId="8c84fa94-04c1-424b-9868-57a2d4851a1d" relativeResultsDirectory="e9942ff1-14c2-4b1c-b2e0-ddf517fdff0a" />
    <UnitTestResult executionId="6361fa9c-781c-4d7d-8565-14f9f2d0149e" testId="e2dc575c-1a44-6308-63b6-8f9f92395a80" testName="Tests.Backend.Models.QuestStepTests.Equals_ShouldReturnTrue_ForIdenticalProperties" computerName="DESKTOP-NU2JJ62" duration="00:00:00.0005823" startTime="2026-03-08T16:31:31.9939110-03:00" endTime="2026-03-08T16:31:31.9939720-03:00" testType="13cdc9d9-ddb5-4fa4-a97d-d965ccfc6d4b" outcome="Passed" testListId="8c84fa94-04c1-424b-9868-57a2d4851a1d" relativeResultsDirectory="6361fa9c-781c-4d7d-8565-14f9f2d0149e" />
    <UnitTestResult executionId="8ba4c156-2c5c-4185-b1c2-a8bf9df47fcb" testId="4b687145-f825-6ccb-6e91-fab3d494c565" testName="Tests.Backend.Services.JournalStateServiceTests.GetJournal_ShouldMapQuests_BasedOnBitmask" computerName="DESKTOP-NU2JJ62" duration="00:00:00.0946608" startTime="2026-03-08T16:31:31.9788440-03:00" endTime="2026-03-08T16:31:32.0487359-03:00" testType="13cdc9d9-ddb5-4fa4-a97d-d965ccfc6d4b" outcome="Failed" testListId="8c84fa94-04c1-424b-9868-57a2d4851a1d" relativeResultsDirectory="8ba4c156-2c5c-4185-b1c2-a8bf9df47fcb">
      <Output>
        <ErrorInfo>
          <Message>System.NullReferenceException : Object reference not set to an instance of an object.</Message>
          <StackTrace>   at Backend.Services.ItemsStateService.GetImportantItems() in C:\Projetos\digivice\Backend\Services\ItemsStateService.cs:line 22&#xD;
   at Backend.Services.JournalStateService.GetSideQuests() in C:\Projetos\digivice\Backend\Services\JournalStateService.cs:line 50&#xD;
   at Backend.Services.JournalStateService.GetJournal() in C:\Projetos\digivice\Backend\Services\JournalStateService.cs:line 22&#xD;
   at Tests.Backend.Services.JournalStateServiceTests.GetJournal_ShouldMapQuests_BasedOnBitmask() in C:\Projetos\digivice\Tests\Backend\Services\JournalStateServiceTests.cs:line 41&#xD;
   at System.Reflection.MethodBaseInvoker.InterpretedInvoke_Method(Object obj, IntPtr* args)&#xD;
   at System.Reflection.MethodBaseInvoker.InvokeWithNoArgs(Object obj, BindingFlags invokeAttr)</StackTrace>
        </ErrorInfo>
      </Output>
    </UnitTestResult>
    <UnitTestResult executionId="e84e07c7-7be7-490c-9847-6b26939394a1" testId="1eff6fb6-d80d-b7a9-f2a1-59b577ee228c" testName="Tests.Backend.Models.QuestStepTests.Equals_ShouldReturnFalse_ForDifferentMaskOrAddress" computerName="DESKTOP-NU2JJ62" duration="00:00:00.0003780" startTime="2026-03-08T16:31:31.9934979-03:00" endTime="2026-03-08T16:31:31.9936048-03:00" testType="13cdc9d9-ddb5-4fa4-a97d-d965ccfc6d4b" outcome="Passed" testListId="8c84fa94-04c1-424b-9868-57a2d4851a1d" relativeResultsDirectory="e84e07c7-7be7-490c-9847-6b26939394a1" />
    <UnitTestResult executionId="71491b5c-08e2-4fb3-8575-58f41e2c74cc" testId="65d34073-34ac-62ba-891d-5c8fdc83f188" testName="Tests.Backend.Services.GameReaderTests.ReadImportantItems_ShouldMapResourceFully" computerName="DESKTOP-NU2JJ62" duration="00:00:00.0955939" startTime="2026-03-08T16:31:31.9788181-03:00" endTime="2026-03-08T16:31:32.0496803-03:00" testType="13cdc9d9-ddb5-4fa4-a97d-d965ccfc6d4b" outcome="Passed" testListId="8c84fa94-04c1-424b-9868-57a2d4851a1d" relativeResultsDirectory="71491b5c-08e2-4fb3-8575-58f41e2c74cc" />
    <UnitTestResult executionId="85cf3dbe-526d-411f-8736-87fb2c132f78" testId="32b03604-186e-15e9-285b-946dcbe383a0" testName="Tests.Backend.Services.PartyStateServiceTests.GetParty_ShouldIgnoreEmptySlots_AndMapAddresses" computerName="DESKTOP-NU2JJ62" duration="00:00:00.0925612" startTime="2026-03-08T16:31:31.9789164-03:00" endTime="2026-03-08T16:31:32.0374987-03:00" testType="13cdc9d9-ddb5-4fa4-a97d-d965ccfc6d4b" outcome="Passed" testListId="8c84fa94-04c1-424b-9868-57a2d4851a1d" relativeResultsDirectory="85cf3dbe-526d-411f-8736-87fb2c132f78" />
    <UnitTestResult executionId="948afe34-5ccd-463c-ac96-f881aa15e560" testId="85ee19d2-73c0-27c3-37d8-e87442af998f" testName="Tests.Backend.Services.MemoryReaderServiceTests.TryConnect_ShouldReturnTrue_WhenProcessExists" computerName="DESKTOP-NU2JJ62" duration="00:00:00.0016898" startTime="2026-03-08T16:31:32.0525869-03:00" endTime="2026-03-08T16:31:32.0527512-03:00" testType="13cdc9d9-ddb5-4fa4-a97d-d965ccfc6d4b" outcome="Passed" testListId="8c84fa94-04c1-424b-9868-57a2d4851a1d" relativeResultsDirectory="948afe34-5ccd-463c-ac96-f881aa15e560" />
    <UnitTestResult executionId="3a59554b-da58-4afa-853f-ac0045cb2294" testId="4bf5742e-352b-0b38-54ee-e5bf740f793f" testName="Tests.Backend.Services.PlayerStateServiceTests.GetPlayer_ShouldReturnNull_WhenNameBytesIsNull" computerName="DESKTOP-NU2JJ62" duration="00:00:00.0867889" startTime="2026-03-08T16:31:31.9787444-03:00" endTime="2026-03-08T16:31:32.0316864-03:00" testType="13cdc9d9-ddb5-4fa4-a97d-d965ccfc6d4b" outcome="Passed" testListId="8c84fa94-04c1-424b-9868-57a2d4851a1d" relativeResultsDirectory="3a59554b-da58-4afa-853f-ac0045cb2294" />
    <UnitTestResult executionId="6adb47f8-eee9-4b5c-862e-e6dbbd3ad730" testId="cae38792-4ba1-2575-bcd0-ce984244b23a" testName="Tests.Backend.Services.DigimonStateServiceTests.GetDigimon_ShouldMapAttributesCorrectly_FromLogicBlock" computerName="DESKTOP-NU2JJ62" duration="00:00:00.0966100" startTime="2026-03-08T16:31:31.9787857-03:00" endTime="2026-03-08T16:31:32.0518496-03:00" testType="13cdc9d9-ddb5-4fa4-a97d-d965ccfc6d4b" outcome="Passed" testListId="8c84fa94-04c1-424b-9868-57a2d4851a1d" relativeResultsDirectory="6adb47f8-eee9-4b5c-862e-e6dbbd3ad730" />
    <UnitTestResult executionId="46d21bc8-c506-46d6-ac2c-9174734f841d" testId="464d3d7d-2ac7-34de-e0e9-6b8c937792d5" testName="Tests.Backend.Services.GameReaderTests.ReadPlayerBits_ShouldReturnValidInt" computerName="DESKTOP-NU2JJ62" duration="00:00:00.0036742" startTime="2026-03-08T16:31:32.0517810-03:00" endTime="2026-03-08T16:31:32.0526450-03:00" testType="13cdc9d9-ddb5-4fa4-a97d-d965ccfc6d4b" outcome="Passed" testListId="8c84fa94-04c1-424b-9868-57a2d4851a1d" relativeResultsDirectory="46d21bc8-c506-46d6-ac2c-9174734f841d" />
    <UnitTestResult executionId="c6dcd252-6e64-46bb-a1a1-e5850407f36d" testId="2f86fdc2-1231-d054-d4de-8ad79001c7ce" testName="Tests.Backend.Services.MemoryReaderServiceTests.ReadString_ShouldReadAscii_AndTrimNulls" computerName="DESKTOP-NU2JJ62" duration="00:00:00.0979863" startTime="2026-03-08T16:31:31.9788957-03:00" endTime="2026-03-08T16:31:32.0524569-03:00" testType="13cdc9d9-ddb5-4fa4-a97d-d965ccfc6d4b" outcome="Passed" testListId="8c84fa94-04c1-424b-9868-57a2d4851a1d" relativeResultsDirectory="c6dcd252-6e64-46bb-a1a1-e5850407f36d" />
    <UnitTestResult executionId="3289626a-20e7-4ddb-843d-f9d2cceb920e" testId="f767c78b-ab5f-ee01-7404-b596c3b6c030" testName="Tests.Backend.Services.ItemsStateServiceTests.GetImportantItems_ShouldMapBooleanFlags_BasedOnReaderBytes" computerName="DESKTOP-NU2JJ62" duration="00:00:00.0020389" startTime="2026-03-08T16:31:32.0495586-03:00" endTime="2026-03-08T16:31:32.0519636-03:00" testType="13cdc9d9-ddb5-4fa4-a97d-d965ccfc6d4b" outcome="Failed" testListId="8c84fa94-04c1-424b-9868-57a2d4851a1d" relativeResultsDirectory="3289626a-20e7-4ddb-843d-f9d2cceb920e">
      <Output>
        <ErrorInfo>
          <Message>System.NullReferenceException : Object reference not set to an instance of an object.</Message>
          <StackTrace>   at Backend.Services.ItemsStateService.GetImportantItems() in C:\Projetos\digivice\Backend\Services\ItemsStateService.cs:line 22&#xD;
   at Tests.Backend.Services.ItemsStateServiceTests.GetImportantItems_ShouldMapBooleanFlags_BasedOnReaderBytes() in C:\Projetos\digivice\Tests\Backend\Services\ItemsStateServiceTests.cs:line 38&#xD;
   at System.Reflection.MethodBaseInvoker.InterpretedInvoke_Method(Object obj, IntPtr* args)&#xD;
   at System.Reflection.MethodBaseInvoker.InvokeWithNoArgs(Object obj, BindingFlags invokeAttr)</StackTrace>
        </ErrorInfo>
      </Output>
    </UnitTestResult>
    <UnitTestResult executionId="05c318a4-513a-441b-b717-22f817238623" testId="1bad8d1e-75ff-48b4-347a-f47d779e894e" testName="Tests.Backend.Models.QuestStepTests.Equals_ShouldReturnFalse_ForDifferentCompletionState" computerName="DESKTOP-NU2JJ62" duration="00:00:00.0053888" startTime="2026-03-08T16:31:31.9786758-03:00" endTime="2026-03-08T16:31:31.9803156-03:00" testType="13cdc9d9-ddb5-4fa4-a97d-d965ccfc6d4b" outcome="Passed" testListId="8c84fa94-04c1-424b-9868-57a2d4851a1d" relativeResultsDirectory="05c318a4-513a-441b-b717-22f817238623" />
    <UnitTestResult executionId="a268309b-709b-419b-a8a5-d7782a0a3cd2" testId="3eeb60bd-dc8d-c7b2-3cd7-d0b171db2ff0" testName="Tests.Backend.Utils.TextDecoderTests.Decode_ShouldStopAtFFTerminator" computerName="DESKTOP-NU2JJ62" duration="00:00:00.0004011" startTime="2026-03-08T16:31:32.0054786-03:00" endTime="2026-03-08T16:31:32.0055606-03:00" testType="13cdc9d9-ddb5-4fa4-a97d-d965ccfc6d4b" outcome="Passed" testListId="8c84fa94-04c1-424b-9868-57a2d4851a1d" relativeResultsDirectory="a268309b-709b-419b-a8a5-d7782a0a3cd2" />
    <UnitTestResult executionId="4954f076-e639-479c-a8f8-642f7770929c" testId="ae356b4b-d29e-3ff6-6b36-1121c8e59112" testName="Tests.Backend.Utils.TextDecoderTests.Decode_ShouldStopAtNullTerminator" computerName="DESKTOP-NU2JJ62" duration="00:00:00.0003347" startTime="2026-03-08T16:31:31.9953377-03:00" endTime="2026-03-08T16:31:31.9953918-03:00" testType="13cdc9d9-ddb5-4fa4-a97d-d965ccfc6d4b" outcome="Passed" testListId="8c84fa94-04c1-424b-9868-57a2d4851a1d" relativeResultsDirectory="4954f076-e639-479c-a8f8-642f7770929c" />
    <UnitTestResult executionId="624daeeb-95b2-49a9-83c8-342fbd4cd752" testId="2b882285-255e-ee2c-4db0-9ca5dd9d7236" testName="Tests.Backend.Services.MemoryReaderServiceTests.ReadBytes_ShouldReturnArray_WhenConnectedAndMapped" computerName="DESKTOP-NU2JJ62" duration="00:00:00.0020174" startTime="2026-03-08T16:31:32.0528696-03:00" endTime="2026-03-08T16:31:32.0534773-03:00" testType="13cdc9d9-ddb5-4fa4-a97d-d965ccfc6d4b" outcome="Passed" testListId="8c84fa94-04c1-424b-9868-57a2d4851a1d" relativeResultsDirectory="624daeeb-95b2-49a9-83c8-342fbd4cd752" />
  </Results>
  <TestDefinitions>
    <UnitTest name="Tests.Backend.Services.DigimonStateServiceTests.GetDigimon_ShouldMapAttributesCorrectly_FromLogicBlock" storage="c:\projetos\digivice\tests\bin\debug\net10.0\tests.dll" id="cae38792-4ba1-2575-bcd0-ce984244b23a">
      <Execution id="6adb47f8-eee9-4b5c-862e-e6dbbd3ad730" />
      <TestMethod codeBase="C:\Projetos\digivice\Tests\bin\Debug\net10.0\Tests.dll" adapterTypeName="executor://xunit/VsTestRunner3/netcore/" className="Tests.Backend.Services.DigimonStateServiceTests" name="GetDigimon_ShouldMapAttributesCorrectly_FromLogicBlock" />
    </UnitTest>
    <UnitTest name="Tests.Backend.Services.JournalStateServiceTests.GetJournal_ShouldMapQuests_BasedOnBitmask" storage="c:\projetos\digivice\tests\bin\debug\net10.0\tests.dll" id="4b687145-f825-6ccb-6e91-fab3d494c565">
      <Execution id="8ba4c156-2c5c-4185-b1c2-a8bf9df47fcb" />
      <TestMethod codeBase="C:\Projetos\digivice\Tests\bin\Debug\net10.0\Tests.dll" adapterTypeName="executor://xunit/VsTestRunner3/netcore/" className="Tests.Backend.Services.JournalStateServiceTests" name="GetJournal_ShouldMapQuests_BasedOnBitmask" />
    </UnitTest>
    <UnitTest name="Tests.Backend.Services.ItemsStateServiceTests.GetConsumableItems_ShouldMapQuantity_BasedOnReaderBytes" storage="c:\projetos\digivice\tests\bin\debug\net10.0\tests.dll" id="7de69408-1a4d-ea7d-ee61-9c641b5d7a7a">
      <Execution id="25f66a05-08a9-4d0f-8e90-d5b330c2266d" />
      <TestMethod codeBase="C:\Projetos\digivice\Tests\bin\Debug\net10.0\Tests.dll" adapterTypeName="executor://xunit/VsTestRunner3/netcore/" className="Tests.Backend.Services.ItemsStateServiceTests" name="GetConsumableItems_ShouldMapQuantity_BasedOnReaderBytes" />
    </UnitTest>
    <UnitTest name="Tests.Backend.Utils.TextDecoderTests.DecodeName_ShouldHandleSymbols" storage="c:\projetos\digivice\tests\bin\debug\net10.0\tests.dll" id="f76af2aa-3e7a-922d-7e6f-98f120914d8e">
      <Execution id="250ec0dd-0f8b-489f-ab68-314c8efbba8f" />
      <TestMethod codeBase="C:\Projetos\digivice\Tests\bin\Debug\net10.0\Tests.dll" adapterTypeName="executor://xunit/VsTestRunner3/netcore/" className="Tests.Backend.Utils.TextDecoderTests" name="DecodeName_ShouldHandleSymbols" />
    </UnitTest>
    <UnitTest name="Tests.Backend.Services.ItemsStateServiceTests.GetImportantItems_ShouldMapBooleanFlags_BasedOnReaderBytes" storage="c:\projetos\digivice\tests\bin\debug\net10.0\tests.dll" id="f767c78b-ab5f-ee01-7404-b596c3b6c030">
      <Execution id="3289626a-20e7-4ddb-843d-f9d2cceb920e" />
      <TestMethod codeBase="C:\Projetos\digivice\Tests\bin\Debug\net10.0\Tests.dll" adapterTypeName="executor://xunit/VsTestRunner3/netcore/" className="Tests.Backend.Services.ItemsStateServiceTests" name="GetImportantItems_ShouldMapBooleanFlags_BasedOnReaderBytes" />
    </UnitTest>
    <UnitTest name="Tests.Backend.Services.GameReaderTests.ReadImportantItems_ShouldMapResourceFully" storage="c:\projetos\digivice\tests\bin\debug\net10.0\tests.dll" id="65d34073-34ac-62ba-891d-5c8fdc83f188">
      <Execution id="71491b5c-08e2-4fb3-8575-58f41e2c74cc" />
      <TestMethod codeBase="C:\Projetos\digivice\Tests\bin\Debug\net10.0\Tests.dll" adapterTypeName="executor://xunit/VsTestRunner3/netcore/" className="Tests.Backend.Services.GameReaderTests" name="ReadImportantItems_ShouldMapResourceFully" />
    </UnitTest>
    <UnitTest name="Tests.Backend.Models.QuestStepTests.Equals_ShouldReturnTrue_ForIdenticalProperties" storage="c:\projetos\digivice\tests\bin\debug\net10.0\tests.dll" id="e2dc575c-1a44-6308-63b6-8f9f92395a80">
      <Execution id="6361fa9c-781c-4d7d-8565-14f9f2d0149e" />
      <TestMethod codeBase="C:\Projetos\digivice\Tests\bin\Debug\net10.0\Tests.dll" adapterTypeName="executor://xunit/VsTestRunner3/netcore/" className="Tests.Backend.Models.QuestStepTests" name="Equals_ShouldReturnTrue_ForIdenticalProperties" />
    </UnitTest>
    <UnitTest name="Tests.Backend.Services.MemoryReaderServiceTests.ReadBytes_ShouldReturnArray_WhenConnectedAndMapped" storage="c:\projetos\digivice\tests\bin\debug\net10.0\tests.dll" id="2b882285-255e-ee2c-4db0-9ca5dd9d7236">
      <Execution id="624daeeb-95b2-49a9-83c8-342fbd4cd752" />
      <TestMethod codeBase="C:\Projetos\digivice\Tests\bin\Debug\net10.0\Tests.dll" adapterTypeName="executor://xunit/VsTestRunner3/netcore/" className="Tests.Backend.Services.MemoryReaderServiceTests" name="ReadBytes_ShouldReturnArray_WhenConnectedAndMapped" />
    </UnitTest>
    <UnitTest name="Tests.Backend.Utils.TextDecoderTests.DecodeName_ShouldHandleLettersAndDigits" storage="c:\projetos\digivice\tests\bin\debug\net10.0\tests.dll" id="ebbb97d4-39bf-4f59-c35a-c2dbd3d7c4ca">
      <Execution id="e15c7918-9464-42d1-a026-dc402f87be88" />
      <TestMethod codeBase="C:\Projetos\digivice\Tests\bin\Debug\net10.0\Tests.dll" adapterTypeName="executor://xunit/VsTestRunner3/netcore/" className="Tests.Backend.Utils.TextDecoderTests" name="DecodeName_ShouldHandleLettersAndDigits" />
    </UnitTest>
    <UnitTest name="Tests.Backend.Services.PlayerStateServiceTests.GetPlayer_ShouldMapAndFormatHex_ValuesCorrectly" storage="c:\projetos\digivice\tests\bin\debug\net10.0\tests.dll" id="e1895d0d-9440-3ea1-fa63-71c0cfc37b79">
      <Execution id="76f624d0-0b66-44b2-a53d-bb853d40d4ce" />
      <TestMethod codeBase="C:\Projetos\digivice\Tests\bin\Debug\net10.0\Tests.dll" adapterTypeName="executor://xunit/VsTestRunner3/netcore/" className="Tests.Backend.Services.PlayerStateServiceTests" name="GetPlayer_ShouldMapAndFormatHex_ValuesCorrectly" />
    </UnitTest>
    <UnitTest name="Tests.Backend.Services.GameReaderTests.ReadPlayerBits_ShouldReturnValidInt" storage="c:\projetos\digivice\tests\bin\debug\net10.0\tests.dll" id="464d3d7d-2ac7-34de-e0e9-6b8c937792d5">
      <Execution id="46d21bc8-c506-46d6-ac2c-9174734f841d" />
      <TestMethod codeBase="C:\Projetos\digivice\Tests\bin\Debug\net10.0\Tests.dll" adapterTypeName="executor://xunit/VsTestRunner3/netcore/" className="Tests.Backend.Services.GameReaderTests" name="ReadPlayerBits_ShouldReturnValidInt" />
    </UnitTest>
    <UnitTest name="Tests.Backend.Services.PlayerStateServiceTests.GetPlayer_ShouldReturnNull_WhenNameBytesIsNull" storage="c:\projetos\digivice\tests\bin\debug\net10.0\tests.dll" id="4bf5742e-352b-0b38-54ee-e5bf740f793f">
      <Execution id="3a59554b-da58-4afa-853f-ac0045cb2294" />
      <TestMethod codeBase="C:\Projetos\digivice\Tests\bin\Debug\net10.0\Tests.dll" adapterTypeName="executor://xunit/VsTestRunner3/netcore/" className="Tests.Backend.Services.PlayerStateServiceTests" name="GetPlayer_ShouldReturnNull_WhenNameBytesIsNull" />
    </UnitTest>
    <UnitTest name="Tests.Backend.Services.PartyStateServiceTests.GetParty_ShouldIgnoreEmptySlots_AndMapAddresses" storage="c:\projetos\digivice\tests\bin\debug\net10.0\tests.dll" id="32b03604-186e-15e9-285b-946dcbe383a0">
      <Execution id="85cf3dbe-526d-411f-8736-87fb2c132f78" />
      <TestMethod codeBase="C:\Projetos\digivice\Tests\bin\Debug\net10.0\Tests.dll" adapterTypeName="executor://xunit/VsTestRunner3/netcore/" className="Tests.Backend.Services.PartyStateServiceTests" name="GetParty_ShouldIgnoreEmptySlots_AndMapAddresses" />
    </UnitTest>
    <UnitTest name="Tests.Backend.Utils.TextDecoderTests.Decode_ShouldStopAtNullTerminator" storage="c:\projetos\digivice\tests\bin\debug\net10.0\tests.dll" id="ae356b4b-d29e-3ff6-6b36-1121c8e59112">
      <Execution id="4954f076-e639-479c-a8f8-642f7770929c" />
      <TestMethod codeBase="C:\Projetos\digivice\Tests\bin\Debug\net10.0\Tests.dll" adapterTypeName="executor://xunit/VsTestRunner3/netcore/" className="Tests.Backend.Utils.TextDecoderTests" name="Decode_ShouldStopAtNullTerminator" />
    </UnitTest>
    <UnitTest name="Tests.Backend.Utils.TextDecoderTests.Decode_ShouldStopAtFFTerminator" storage="c:\projetos\digivice\tests\bin\debug\net10.0\tests.dll" id="3eeb60bd-dc8d-c7b2-3cd7-d0b171db2ff0">
      <Execution id="a268309b-709b-419b-a8a5-d7782a0a3cd2" />
      <TestMethod codeBase="C:\Projetos\digivice\Tests\bin\Debug\net10.0\Tests.dll" adapterTypeName="executor://xunit/VsTestRunner3/netcore/" className="Tests.Backend.Utils.TextDecoderTests" name="Decode_ShouldStopAtFFTerminator" />
    </UnitTest>
    <UnitTest name="Tests.Backend.Services.MemoryReaderServiceTests.ReadString_ShouldReadAscii_AndTrimNulls" storage="c:\projetos\digivice\tests\bin\debug\net10.0\tests.dll" id="2f86fdc2-1231-d054-d4de-8ad79001c7ce">
      <Execution id="c6dcd252-6e64-46bb-a1a1-e5850407f36d" />
      <TestMethod codeBase="C:\Projetos\digivice\Tests\bin\Debug\net10.0\Tests.dll" adapterTypeName="executor://xunit/VsTestRunner3/netcore/" className="Tests.Backend.Services.MemoryReaderServiceTests" name="ReadString_ShouldReadAscii_AndTrimNulls" />
    </UnitTest>
    <UnitTest name="Tests.Backend.Models.QuestStepTests.Equals_ShouldReturnFalse_ForDifferentCompletionState" storage="c:\projetos\digivice\tests\bin\debug\net10.0\tests.dll" id="1bad8d1e-75ff-48b4-347a-f47d779e894e">
      <Execution id="05c318a4-513a-441b-b717-22f817238623" />
      <TestMethod codeBase="C:\Projetos\digivice\Tests\bin\Debug\net10.0\Tests.dll" adapterTypeName="executor://xunit/VsTestRunner3/netcore/" className="Tests.Backend.Models.QuestStepTests" name="Equals_ShouldReturnFalse_ForDifferentCompletionState" />
    </UnitTest>
    <UnitTest name="Tests.Backend.Services.MemoryReaderServiceTests.TryConnect_ShouldReturnTrue_WhenProcessExists" storage="c:\projetos\digivice\tests\bin\debug\net10.0\tests.dll" id="85ee19d2-73c0-27c3-37d8-e87442af998f">
      <Execution id="948afe34-5ccd-463c-ac96-f881aa15e560" />
      <TestMethod codeBase="C:\Projetos\digivice\Tests\bin\Debug\net10.0\Tests.dll" adapterTypeName="executor://xunit/VsTestRunner3/netcore/" className="Tests.Backend.Services.MemoryReaderServiceTests" name="TryConnect_ShouldReturnTrue_WhenProcessExists" />
    </UnitTest>
    <UnitTest name="Tests.Backend.Models.QuestStepTests.Equals_ShouldReturnFalse_ForDifferentMaskOrAddress" storage="c:\projetos\digivice\tests\bin\debug\net10.0\tests.dll" id="1eff6fb6-d80d-b7a9-f2a1-59b577ee228c">
      <Execution id="e84e07c7-7be7-490c-9847-6b26939394a1" />
      <TestMethod codeBase="C:\Projetos\digivice\Tests\bin\Debug\net10.0\Tests.dll" adapterTypeName="executor://xunit/VsTestRunner3/netcore/" className="Tests.Backend.Models.QuestStepTests" name="Equals_ShouldReturnFalse_ForDifferentMaskOrAddress" />
    </UnitTest>
    <UnitTest name="Tests.Backend.Utils.TextDecoderTests.Decode_ShouldReturnEmpty_WhenBufferIsNull" storage="c:\projetos\digivice\tests\bin\debug\net10.0\tests.dll" id="3f81235b-2e86-d6ef-7017-65998bd1744d">
      <Execution id="57187710-4270-408d-9375-6d877c4fabdd" />
      <TestMethod codeBase="C:\Projetos\digivice\Tests\bin\Debug\net10.0\Tests.dll" adapterTypeName="executor://xunit/VsTestRunner3/netcore/" className="Tests.Backend.Utils.TextDecoderTests" name="Decode_ShouldReturnEmpty_WhenBufferIsNull" />
    </UnitTest>
    <UnitTest name="Tests.Backend.Services.GameDatabaseTests.GetPlayerAddresses_ShouldFallbackSilently_OrCatchError" storage="c:\projetos\digivice\tests\bin\debug\net10.0\tests.dll" id="aa1e6f13-671f-b2e7-a451-4c296a152b91">
      <Execution id="0c736457-4942-4193-b4de-aeb1216f7cd6" />
      <TestMethod codeBase="C:\Projetos\digivice\Tests\bin\Debug\net10.0\Tests.dll" adapterTypeName="executor://xunit/VsTestRunner3/netcore/" className="Tests.Backend.Services.GameDatabaseTests" name="GetPlayerAddresses_ShouldFallbackSilently_OrCatchError" />
    </UnitTest>
    <UnitTest name="Tests.Backend.Utils.TextDecoderTests.Decode_ShouldHandleUppercaseAsciiName" storage="c:\projetos\digivice\tests\bin\debug\net10.0\tests.dll" id="cf62ae31-462a-8474-e763-d085ceffac68">
      <Execution id="e9942ff1-14c2-4b1c-b2e0-ddf517fdff0a" />
      <TestMethod codeBase="C:\Projetos\digivice\Tests\bin\Debug\net10.0\Tests.dll" adapterTypeName="executor://xunit/VsTestRunner3/netcore/" className="Tests.Backend.Utils.TextDecoderTests" name="Decode_ShouldHandleUppercaseAsciiName" />
    </UnitTest>
    <UnitTest name="Tests.Backend.Utils.TextDecoderTests.Decode_ShouldHandleMixedCaseName_Jean" storage="c:\projetos\digivice\tests\bin\debug\net10.0\tests.dll" id="f5dff42e-f624-5387-2e84-231a827c859f">
      <Execution id="a7cef2a4-e986-49da-8d55-9ca9c598026d" />
      <TestMethod codeBase="C:\Projetos\digivice\Tests\bin\Debug\net10.0\Tests.dll" adapterTypeName="executor://xunit/VsTestRunner3/netcore/" className="Tests.Backend.Utils.TextDecoderTests" name="Decode_ShouldHandleMixedCaseName_Jean" />
    </UnitTest>
  </TestDefinitions>
  <TestEntries>
    <TestEntry testId="aa1e6f13-671f-b2e7-a451-4c296a152b91" executionId="0c736457-4942-4193-b4de-aeb1216f7cd6" testListId="8c84fa94-04c1-424b-9868-57a2d4851a1d" />
    <TestEntry testId="7de69408-1a4d-ea7d-ee61-9c641b5d7a7a" executionId="25f66a05-08a9-4d0f-8e90-d5b330c2266d" testListId="8c84fa94-04c1-424b-9868-57a2d4851a1d" />
    <TestEntry testId="3f81235b-2e86-d6ef-7017-65998bd1744d" executionId="57187710-4270-408d-9375-6d877c4fabdd" testListId="8c84fa94-04c1-424b-9868-57a2d4851a1d" />
    <TestEntry testId="ebbb97d4-39bf-4f59-c35a-c2dbd3d7c4ca" executionId="e15c7918-9464-42d1-a026-dc402f87be88" testListId="8c84fa94-04c1-424b-9868-57a2d4851a1d" />
    <TestEntry testId="f76af2aa-3e7a-922d-7e6f-98f120914d8e" executionId="250ec0dd-0f8b-489f-ab68-314c8efbba8f" testListId="8c84fa94-04c1-424b-9868-57a2d4851a1d" />
    <TestEntry testId="f5dff42e-f624-5387-2e84-231a827c859f" executionId="a7cef2a4-e986-49da-8d55-9ca9c598026d" testListId="8c84fa94-04c1-424b-9868-57a2d4851a1d" />
    <TestEntry testId="e1895d0d-9440-3ea1-fa63-71c0cfc37b79" executionId="76f624d0-0b66-44b2-a53d-bb853d40d4ce" testListId="8c84fa94-04c1-424b-9868-57a2d4851a1d" />
    <TestEntry testId="cf62ae31-462a-8474-e763-d085ceffac68" executionId="e9942ff1-14c2-4b1c-b2e0-ddf517fdff0a" testListId="8c84fa94-04c1-424b-9868-57a2d4851a1d" />
    <TestEntry testId="e2dc575c-1a44-6308-63b6-8f9f92395a80" executionId="6361fa9c-781c-4d7d-8565-14f9f2d0149e" testListId="8c84fa94-04c1-424b-9868-57a2d4851a1d" />
    <TestEntry testId="4b687145-f825-6ccb-6e91-fab3d494c565" executionId="8ba4c156-2c5c-4185-b1c2-a8bf9df47fcb" testListId="8c84fa94-04c1-424b-9868-57a2d4851a1d" />
    <TestEntry testId="1eff6fb6-d80d-b7a9-f2a1-59b577ee228c" executionId="e84e07c7-7be7-490c-9847-6b26939394a1" testListId="8c84fa94-04c1-424b-9868-57a2d4851a1d" />
    <TestEntry testId="65d34073-34ac-62ba-891d-5c8fdc83f188" executionId="71491b5c-08e2-4fb3-8575-58f41e2c74cc" testListId="8c84fa94-04c1-424b-9868-57a2d4851a1d" />
    <TestEntry testId="32b03604-186e-15e9-285b-946dcbe383a0" executionId="85cf3dbe-526d-411f-8736-87fb2c132f78" testListId="8c84fa94-04c1-424b-9868-57a2d4851a1d" />
    <TestEntry testId="85ee19d2-73c0-27c3-37d8-e87442af998f" executionId="948afe34-5ccd-463c-ac96-f881aa15e560" testListId="8c84fa94-04c1-424b-9868-57a2d4851a1d" />
    <TestEntry testId="4bf5742e-352b-0b38-54ee-e5bf740f793f" executionId="3a59554b-da58-4afa-853f-ac0045cb2294" testListId="8c84fa94-04c1-424b-9868-57a2d4851a1d" />
    <TestEntry testId="cae38792-4ba1-2575-bcd0-ce984244b23a" executionId="6adb47f8-eee9-4b5c-862e-e6dbbd3ad730" testListId="8c84fa94-04c1-424b-9868-57a2d4851a1d" />
    <TestEntry testId="464d3d7d-2ac7-34de-e0e9-6b8c937792d5" executionId="46d21bc8-c506-46d6-ac2c-9174734f841d" testListId="8c84fa94-04c1-424b-9868-57a2d4851a1d" />
    <TestEntry testId="2f86fdc2-1231-d054-d4de-8ad79001c7ce" executionId="c6dcd252-6e64-46bb-a1a1-e5850407f36d" testListId="8c84fa94-04c1-424b-9868-57a2d4851a1d" />
    <TestEntry testId="f767c78b-ab5f-ee01-7404-b596c3b6c030" executionId="3289626a-20e7-4ddb-843d-f9d2cceb920e" testListId="8c84fa94-04c1-424b-9868-57a2d4851a1d" />
    <TestEntry testId="1bad8d1e-75ff-48b4-347a-f47d779e894e" executionId="05c318a4-513a-441b-b717-22f817238623" testListId="8c84fa94-04c1-424b-9868-57a2d4851a1d" />
    <TestEntry testId="3eeb60bd-dc8d-c7b2-3cd7-d0b171db2ff0" executionId="a268309b-709b-419b-a8a5-d7782a0a3cd2" testListId="8c84fa94-04c1-424b-9868-57a2d4851a1d" />
    <TestEntry testId="ae356b4b-d29e-3ff6-6b36-1121c8e59112" executionId="4954f076-e639-479c-a8f8-642f7770929c" testListId="8c84fa94-04c1-424b-9868-57a2d4851a1d" />
    <TestEntry testId="2b882285-255e-ee2c-4db0-9ca5dd9d7236" executionId="624daeeb-95b2-49a9-83c8-342fbd4cd752" testListId="8c84fa94-04c1-424b-9868-57a2d4851a1d" />
  </TestEntries>
  <TestLists>
    <TestList name="Resultados que não estão em uma lista" id="8c84fa94-04c1-424b-9868-57a2d4851a1d" />
    <TestList name="Todos os resultados carregados" id="19431567-8539-422a-85d7-44ee4e166bda" />
  </TestLists>
  <ResultSummary outcome="Failed">
    <Counters total="23" executed="23" passed="19" failed="4" error="0" timeout="0" aborted="0" inconclusive="0" passedButRunAborted="0" notRunnable="0" notExecuted="0" disconnected="0" warning="0" completed="0" inProgress="0" pending="0" />
    <Output>
      <StdOut>[xUnit.net 00:00:00.00] xUnit.net VSTest Adapter v3.1.4+50e68bbb8b (64-bit .NET 10.0.3)&#xD;
[xUnit.net 00:00:00.08]   Discovering: Tests&#xD;
[xUnit.net 00:00:00.12]   Discovered:  Tests&#xD;
[xUnit.net 00:00:00.14]   Starting:    Tests&#xD;
[xUnit.net 00:00:00.27]       System.NullReferenceException : Object reference not set to an instance of an object.&#xD;
[xUnit.net 00:00:00.27]       Stack Trace:&#xD;
[xUnit.net 00:00:00.27]         C:\Projetos\digivice\Backend\Services\ItemsStateService.cs(36,0): at Backend.Services.ItemsStateService.GetConsumableItems()&#xD;
[xUnit.net 00:00:00.27]         C:\Projetos\digivice\Tests\Backend\Services\ItemsStateServiceTests.cs(59,0): at Tests.Backend.Services.ItemsStateServiceTests.GetConsumableItems_ShouldMapQuantity_BasedOnReaderBytes()&#xD;
[xUnit.net 00:00:00.27]            at System.Reflection.MethodBaseInvoker.InterpretedInvoke_Method(Object obj, IntPtr* args)&#xD;
[xUnit.net 00:00:00.27]            at System.Reflection.MethodBaseInvoker.InvokeWithNoArgs(Object obj, BindingFlags invokeAttr)&#xD;
[xUnit.net 00:00:00.27]       System.NullReferenceException : Object reference not set to an instance of an object.&#xD;
[xUnit.net 00:00:00.27]       Stack Trace:&#xD;
[xUnit.net 00:00:00.27]         C:\Projetos\digivice\Backend\Services\ItemsStateService.cs(22,0): at Backend.Services.ItemsStateService.GetImportantItems()&#xD;
[xUnit.net 00:00:00.27]         C:\Projetos\digivice\Backend\Services\JournalStateService.cs(50,0): at Backend.Services.JournalStateService.GetSideQuests()&#xD;
[xUnit.net 00:00:00.27]         C:\Projetos\digivice\Backend\Services\JournalStateService.cs(22,0): at Backend.Services.JournalStateService.GetJournal()&#xD;
[xUnit.net 00:00:00.27]         C:\Projetos\digivice\Tests\Backend\Services\JournalStateServiceTests.cs(41,0): at Tests.Backend.Services.JournalStateServiceTests.GetJournal_ShouldMapQuests_BasedOnBitmask()&#xD;
[xUnit.net 00:00:00.27]            at System.Reflection.MethodBaseInvoker.InterpretedInvoke_Method(Object obj, IntPtr* args)&#xD;
[xUnit.net 00:00:00.27]            at System.Reflection.MethodBaseInvoker.InvokeWithNoArgs(Object obj, BindingFlags invokeAttr)&#xD;
[xUnit.net 00:00:00.27]       System.NullReferenceException : Object reference not set to an instance of an object.&#xD;
[xUnit.net 00:00:00.27]       Stack Trace:&#xD;
[xUnit.net 00:00:00.27]         C:\Projetos\digivice\Backend\Services\ItemsStateService.cs(22,0): at Backend.Services.ItemsStateService.GetImportantItems()&#xD;
[xUnit.net 00:00:00.27]         C:\Projetos\digivice\Tests\Backend\Services\ItemsStateServiceTests.cs(38,0): at Tests.Backend.Services.ItemsStateServiceTests.GetImportantItems_ShouldMapBooleanFlags_BasedOnReaderBytes()&#xD;
[xUnit.net 00:00:00.27]            at System.Reflection.MethodBaseInvoker.InterpretedInvoke_Method(Object obj, IntPtr* args)&#xD;
[xUnit.net 00:00:00.27]            at System.Reflection.MethodBaseInvoker.InvokeWithNoArgs(Object obj, BindingFlags invokeAttr)&#xD;
[xUnit.net 00:00:00.27]       Assert.Equal() Failure: Strings differ&#xD;
[xUnit.net 00:00:00.27]                    ↓ (pos 2)&#xD;
[xUnit.net 00:00:00.27]       Expected: "Me "&#xD;
[xUnit.net 00:00:00.27]       Actual:   "Me"&#xD;
[xUnit.net 00:00:00.27]       Stack Trace:&#xD;
[xUnit.net 00:00:00.27]         C:\Projetos\digivice\Tests\Backend\Services\PlayerStateServiceTests.cs(52,0): at Tests.Backend.Services.PlayerStateServiceTests.GetPlayer_ShouldMapAndFormatHex_ValuesCorrectly()&#xD;
[xUnit.net 00:00:00.27]            at System.Reflection.MethodBaseInvoker.InterpretedInvoke_Method(Object obj, IntPtr* args)&#xD;
[xUnit.net 00:00:00.27]            at System.Reflection.MethodBaseInvoker.InvokeWithNoArgs(Object obj, BindingFlags invokeAttr)&#xD;
[xUnit.net 00:00:00.27]   Finished:    Tests&#xD;
</StdOut>
    </Output>
    <RunInfos>
      <RunInfo computerName="DESKTOP-NU2JJ62" outcome="Error" timestamp="2026-03-08T16:31:32.0456414-03:00">
        <Text>[xUnit.net 00:00:00.26]     Tests.Backend.Services.ItemsStateServiceTests.GetConsumableItems_ShouldMapQuantity_BasedOnReaderBytes [FAIL]</Text>
      </RunInfo>
      <RunInfo computerName="DESKTOP-NU2JJ62" outcome="Error" timestamp="2026-03-08T16:31:32.0489660-03:00">
        <Text>[xUnit.net 00:00:00.27]     Tests.Backend.Services.JournalStateServiceTests.GetJournal_ShouldMapQuests_BasedOnBitmask [FAIL]</Text>
      </RunInfo>
      <RunInfo computerName="DESKTOP-NU2JJ62" outcome="Error" timestamp="2026-03-08T16:31:32.0655219-03:00">
        <Text>[xUnit.net 00:00:00.27]     Tests.Backend.Services.ItemsStateServiceTests.GetImportantItems_ShouldMapBooleanFlags_BasedOnReaderBytes [FAIL]</Text>
      </RunInfo>
      <RunInfo computerName="DESKTOP-NU2JJ62" outcome="Error" timestamp="2026-03-08T16:31:32.0657402-03:00">
        <Text>[xUnit.net 00:00:00.27]     Tests.Backend.Services.PlayerStateServiceTests.GetPlayer_ShouldMapAndFormatHex_ValuesCorrectly [FAIL]</Text>
      </RunInfo>
    </RunInfos>
  </ResultSummary>
</TestRun>